This file contains any messages produced by compilers while
running configure, to aid debugging if configure makes a mistake.

It was created by configure, which was
generated by GNU Autoconf 2.67.  Invocation command line was

  $ /research-data/bitcode-farm/httpd/httpd-2.2.29/srclib/apr-util/configure --disable-option-checking CC=/home/neo/workspace/basic-block-analyzer/basic-block-analyzer/ll-parser/scripts/ll-cc.py CXX=/home/neo/workspace/basic-block-analyzer/basic-block-analyzer/ll-parser/scripts/ll-cxx.py --cache-file=/dev/null --srcdir=/research-data/bitcode-farm/httpd/httpd-2.2.29/srclib/apr-util --with-apr=../apr --prefix=/usr/local/apache2 --exec-prefix=/usr/local/apache2 --libdir=${prefix}/lib --includedir=/usr/local/apache2/include --bindir=${prefix}/bin

## --------- ##
## Platform. ##
## --------- ##

hostname = kestrel.cs.ucdavis.edu
uname -m = x86_64
uname -r = 3.13.0-45-generic
uname -s = Linux
uname -v = #74-Ubuntu SMP Tue Jan 13 19:36:28 UTC 2015

/usr/bin/uname -p = unknown
/bin/uname -X     = unknown

/bin/arch              = unknown
/usr/bin/arch -k       = unknown
/usr/convex/getsysinfo = unknown
/usr/bin/hostinfo      = unknown
/bin/machine           = unknown
/usr/bin/oslevel       = unknown
/bin/universe          = unknown

PATH: /usr/local/sbin
PATH: /usr/local/bin
PATH: /usr/sbin
PATH: /usr/bin
PATH: /sbin
PATH: /bin
PATH: /usr/games
PATH: /usr/local/games


## ----------- ##
## Core tests. ##
## ----------- ##

configure:2567: checking build system type
configure:2581: result: x86_64-unknown-linux-gnu
configure:2601: checking host system type
configure:2614: result: x86_64-unknown-linux-gnu
configure:2634: checking target system type
configure:2647: result: x86_64-unknown-linux-gnu
configure:2689: checking for a BSD-compatible install
configure:2757: result: /usr/bin/install -c
configure:2792: checking for working mkdir -p
configure:2808: result: yes
configure:2902: checking for chosen layout
configure:2904: result: apr-util
configure:3076: checking for gcc
configure:3103: result: /home/neo/workspace/basic-block-analyzer/basic-block-analyzer/ll-parser/scripts/ll-cc.py
configure:3332: checking for C compiler version
configure:3341: /home/neo/workspace/basic-block-analyzer/basic-block-analyzer/ll-parser/scripts/ll-cc.py --version >&5
gcc (Ubuntu 4.8.2-19ubuntu1) 4.8.2
Copyright (C) 2013 Free Software Foundation, Inc.
This is free software; see the source for copying conditions.  There is NO
warranty; not even for MERCHANTABILITY or FITNESS FOR A PARTICULAR PURPOSE.

configure:3352: $? = 0
configure:3341: /home/neo/workspace/basic-block-analyzer/basic-block-analyzer/ll-parser/scripts/ll-cc.py -v >&5
Using built-in specs.
COLLECT_GCC=gcc
COLLECT_LTO_WRAPPER=/usr/lib/gcc/x86_64-linux-gnu/4.8/lto-wrapper
Target: x86_64-linux-gnu
Configured with: ../src/configure -v --with-pkgversion='Ubuntu 4.8.2-19ubuntu1' --with-bugurl=file:///usr/share/doc/gcc-4.8/README.Bugs --enable-languages=c,c++,java,go,d,fortran,objc,obj-c++ --prefix=/usr --program-suffix=-4.8 --enable-shared --enable-linker-build-id --libexecdir=/usr/lib --without-included-gettext --enable-threads=posix --with-gxx-include-dir=/usr/include/c++/4.8 --libdir=/usr/lib --enable-nls --with-sysroot=/ --enable-clocale=gnu --enable-libstdcxx-debug --enable-libstdcxx-time=yes --enable-gnu-unique-object --disable-libmudflap --enable-plugin --with-system-zlib --disable-browser-plugin --enable-java-awt=gtk --enable-gtk-cairo --with-java-home=/usr/lib/jvm/java-1.5.0-gcj-4.8-amd64/jre --enable-java-home --with-jvm-root-dir=/usr/lib/jvm/java-1.5.0-gcj-4.8-amd64 --with-jvm-jar-dir=/usr/lib/jvm-exports/java-1.5.0-gcj-4.8-amd64 --with-arch-directory=amd64 --with-ecj-jar=/usr/share/java/eclipse-ecj.jar --enable-objc-gc --enable-multiarch --disable-werror --with-arch-32=i686 --with-abi=m64 --with-multilib-list=m32,m64,mx32 --with-tune=generic --enable-checking=release --build=x86_64-linux-gnu --host=x86_64-linux-gnu --target=x86_64-linux-gnu
Thread model: posix
gcc version 4.8.2 (Ubuntu 4.8.2-19ubuntu1) 
configure:3352: $? = 0
configure:3341: /home/neo/workspace/basic-block-analyzer/basic-block-analyzer/ll-parser/scripts/ll-cc.py -V >&5
gcc: error: unrecognized command line option '-V'
gcc: fatal error: no input files
compilation terminated.
configure:3352: $? = 4
configure:3341: /home/neo/workspace/basic-block-analyzer/basic-block-analyzer/ll-parser/scripts/ll-cc.py -qversion >&5
gcc: error: unrecognized command line option '-qversion'
gcc: fatal error: no input files
compilation terminated.
configure:3352: $? = 4
configure:3372: checking whether the C compiler works
configure:3394: /home/neo/workspace/basic-block-analyzer/basic-block-analyzer/ll-parser/scripts/ll-cc.py    conftest.c  >&5
configure:3398: $? = 0
configure:3446: result: yes
configure:3449: checking for C compiler default output file name
configure:3451: result: a.out
configure:3457: checking for suffix of executables
configure:3464: /home/neo/workspace/basic-block-analyzer/basic-block-analyzer/ll-parser/scripts/ll-cc.py -o conftest    conftest.c  >&5
configure:3468: $? = 0
configure:3490: result: 
configure:3512: checking whether we are cross compiling
configure:3520: /home/neo/workspace/basic-block-analyzer/basic-block-analyzer/ll-parser/scripts/ll-cc.py -o conftest    conftest.c  >&5
configure:3524: $? = 0
configure:3531: ./conftest
configure:3535: $? = 0
configure:3550: result: no
configure:3555: checking for suffix of object files
configure:3577: /home/neo/workspace/basic-block-analyzer/basic-block-analyzer/ll-parser/scripts/ll-cc.py -c   conftest.c >&5
emitting llvm-ir with the command  ['clang', '-c', 'conftest.c', '-emit-llvm']
configure:3581: $? = 0
configure:3602: result: o
configure:3606: checking whether we are using the GNU C compiler
configure:3625: /home/neo/workspace/basic-block-analyzer/basic-block-analyzer/ll-parser/scripts/ll-cc.py -c   conftest.c >&5
emitting llvm-ir with the command  ['clang', '-c', 'conftest.c', '-emit-llvm']
configure:3625: $? = 0
configure:3634: result: yes
configure:3643: checking whether /home/neo/workspace/basic-block-analyzer/basic-block-analyzer/ll-parser/scripts/ll-cc.py accepts -g
configure:3663: /home/neo/workspace/basic-block-analyzer/basic-block-analyzer/ll-parser/scripts/ll-cc.py -c -g  conftest.c >&5
emitting llvm-ir with the command  ['clang', '-c', '-g', 'conftest.c', '-emit-llvm']
configure:3663: $? = 0
configure:3704: result: yes
configure:3721: checking for /home/neo/workspace/basic-block-analyzer/basic-block-analyzer/ll-parser/scripts/ll-cc.py option to accept ISO C89
configure:3785: /home/neo/workspace/basic-block-analyzer/basic-block-analyzer/ll-parser/scripts/ll-cc.py  -c -g -O2  conftest.c >&5
emitting llvm-ir with the command  ['clang', '-c', '-g', '-O2', 'conftest.c', '-emit-llvm']
configure:3785: $? = 0
configure:3798: result: none needed
configure:3975: checking for APR
configure:4054: result: yes
configure:4310: checking how to run the C preprocessor
configure:4380: result: /home/neo/workspace/basic-block-analyzer/basic-block-analyzer/ll-parser/scripts/ll-cc.py -E
configure:4400: /home/neo/workspace/basic-block-analyzer/basic-block-analyzer/ll-parser/scripts/ll-cc.py -E  -DLINUX -D_REENTRANT -D_GNU_SOURCE conftest.c
configure:4400: $? = 0
configure:4414: /home/neo/workspace/basic-block-analyzer/basic-block-analyzer/ll-parser/scripts/ll-cc.py -E  -DLINUX -D_REENTRANT -D_GNU_SOURCE conftest.c
conftest.c:9:28: fatal error: ac_nonexistent.h: No such file or directory
 #include <ac_nonexistent.h>
                            ^
compilation terminated.
configure:4414: $? = 1
configure: failed program was:
| /* confdefs.h */
| #define PACKAGE_NAME ""
| #define PACKAGE_TARNAME ""
| #define PACKAGE_VERSION ""
| #define PACKAGE_STRING ""
| #define PACKAGE_BUGREPORT ""
| #define PACKAGE_URL ""
| /* end confdefs.h.  */
| #include <ac_nonexistent.h>
configure:4443: checking for grep that handles long lines and -e
configure:4501: result: /bin/grep
configure:4506: checking for egrep
configure:4568: result: /bin/grep -E
configure:4573: checking for ANSI C header files
configure:4593: /home/neo/workspace/basic-block-analyzer/basic-block-analyzer/ll-parser/scripts/ll-cc.py -c -g -O2 -pthread  -DLINUX -D_REENTRANT -D_GNU_SOURCE conftest.c >&5
emitting llvm-ir with the command  ['clang', '-c', '-g', '-O2', '-pthread', '-DLINUX', '-D_REENTRANT', '-D_GNU_SOURCE', 'conftest.c', '-emit-llvm']
configure:4593: $? = 0
configure:4666: /home/neo/workspace/basic-block-analyzer/basic-block-analyzer/ll-parser/scripts/ll-cc.py -o conftest -g -O2 -pthread  -DLINUX -D_REENTRANT -D_GNU_SOURCE  conftest.c  >&5
configure:4666: $? = 0
configure:4666: ./conftest
configure:4666: $? = 0
configure:4677: result: yes
configure:4690: checking for sys/types.h
configure:4690: /home/neo/workspace/basic-block-analyzer/basic-block-analyzer/ll-parser/scripts/ll-cc.py -c -g -O2 -pthread  -DLINUX -D_REENTRANT -D_GNU_SOURCE conftest.c >&5
emitting llvm-ir with the command  ['clang', '-c', '-g', '-O2', '-pthread', '-DLINUX', '-D_REENTRANT', '-D_GNU_SOURCE', 'conftest.c', '-emit-llvm']
configure:4690: $? = 0
configure:4690: result: yes
configure:4690: checking for sys/stat.h
configure:4690: /home/neo/workspace/basic-block-analyzer/basic-block-analyzer/ll-parser/scripts/ll-cc.py -c -g -O2 -pthread  -DLINUX -D_REENTRANT -D_GNU_SOURCE conftest.c >&5
emitting llvm-ir with the command  ['clang', '-c', '-g', '-O2', '-pthread', '-DLINUX', '-D_REENTRANT', '-D_GNU_SOURCE', 'conftest.c', '-emit-llvm']
configure:4690: $? = 0
configure:4690: result: yes
configure:4690: checking for stdlib.h
configure:4690: /home/neo/workspace/basic-block-analyzer/basic-block-analyzer/ll-parser/scripts/ll-cc.py -c -g -O2 -pthread  -DLINUX -D_REENTRANT -D_GNU_SOURCE conftest.c >&5
emitting llvm-ir with the command  ['clang', '-c', '-g', '-O2', '-pthread', '-DLINUX', '-D_REENTRANT', '-D_GNU_SOURCE', 'conftest.c', '-emit-llvm']
configure:4690: $? = 0
configure:4690: result: yes
configure:4690: checking for string.h
configure:4690: /home/neo/workspace/basic-block-analyzer/basic-block-analyzer/ll-parser/scripts/ll-cc.py -c -g -O2 -pthread  -DLINUX -D_REENTRANT -D_GNU_SOURCE conftest.c >&5
emitting llvm-ir with the command  ['clang', '-c', '-g', '-O2', '-pthread', '-DLINUX', '-D_REENTRANT', '-D_GNU_SOURCE', 'conftest.c', '-emit-llvm']
configure:4690: $? = 0
configure:4690: result: yes
configure:4690: checking for memory.h
configure:4690: /home/neo/workspace/basic-block-analyzer/basic-block-analyzer/ll-parser/scripts/ll-cc.py -c -g -O2 -pthread  -DLINUX -D_REENTRANT -D_GNU_SOURCE conftest.c >&5
emitting llvm-ir with the command  ['clang', '-c', '-g', '-O2', '-pthread', '-DLINUX', '-D_REENTRANT', '-D_GNU_SOURCE', 'conftest.c', '-emit-llvm']
configure:4690: $? = 0
configure:4690: result: yes
configure:4690: checking for strings.h
configure:4690: /home/neo/workspace/basic-block-analyzer/basic-block-analyzer/ll-parser/scripts/ll-cc.py -c -g -O2 -pthread  -DLINUX -D_REENTRANT -D_GNU_SOURCE conftest.c >&5
emitting llvm-ir with the command  ['clang', '-c', '-g', '-O2', '-pthread', '-DLINUX', '-D_REENTRANT', '-D_GNU_SOURCE', 'conftest.c', '-emit-llvm']
configure:4690: $? = 0
configure:4690: result: yes
configure:4690: checking for inttypes.h
configure:4690: /home/neo/workspace/basic-block-analyzer/basic-block-analyzer/ll-parser/scripts/ll-cc.py -c -g -O2 -pthread  -DLINUX -D_REENTRANT -D_GNU_SOURCE conftest.c >&5
emitting llvm-ir with the command  ['clang', '-c', '-g', '-O2', '-pthread', '-DLINUX', '-D_REENTRANT', '-D_GNU_SOURCE', 'conftest.c', '-emit-llvm']
configure:4690: $? = 0
configure:4690: result: yes
configure:4690: checking for stdint.h
configure:4690: /home/neo/workspace/basic-block-analyzer/basic-block-analyzer/ll-parser/scripts/ll-cc.py -c -g -O2 -pthread  -DLINUX -D_REENTRANT -D_GNU_SOURCE conftest.c >&5
emitting llvm-ir with the command  ['clang', '-c', '-g', '-O2', '-pthread', '-DLINUX', '-D_REENTRANT', '-D_GNU_SOURCE', 'conftest.c', '-emit-llvm']
configure:4690: $? = 0
configure:4690: result: yes
configure:4690: checking for unistd.h
configure:4690: /home/neo/workspace/basic-block-analyzer/basic-block-analyzer/ll-parser/scripts/ll-cc.py -c -g -O2 -pthread  -DLINUX -D_REENTRANT -D_GNU_SOURCE conftest.c >&5
emitting llvm-ir with the command  ['clang', '-c', '-g', '-O2', '-pthread', '-DLINUX', '-D_REENTRANT', '-D_GNU_SOURCE', 'conftest.c', '-emit-llvm']
configure:4690: $? = 0
configure:4690: result: yes
configure:18550: checking for default DBM
configure:18552: result: sdbm (default)
configure:19402: checking for pg_config
configure:19435: result: no
configure:19490: checking libpq-fe.h usability
configure:19490: /home/neo/workspace/basic-block-analyzer/basic-block-analyzer/ll-parser/scripts/ll-cc.py -c -g -O2 -pthread  -DLINUX -D_REENTRANT -D_GNU_SOURCE conftest.c >&5
emitting llvm-ir with the command  ['clang', '-c', '-g', '-O2', '-pthread', '-DLINUX', '-D_REENTRANT', '-D_GNU_SOURCE', 'conftest.c', '-emit-llvm']
conftest.c:52:10: fatal error: 'libpq-fe.h' file not found
#include <libpq-fe.h>
         ^
1 error generated.
conftest.c:52:22: fatal error: libpq-fe.h: No such file or directory
 #include <libpq-fe.h>
                      ^
compilation terminated.
configure:19490: $? = 1
configure: failed program was:
| /* confdefs.h */
| #define PACKAGE_NAME ""
| #define PACKAGE_TARNAME ""
| #define PACKAGE_VERSION ""
| #define PACKAGE_STRING ""
| #define PACKAGE_BUGREPORT ""
| #define PACKAGE_URL ""
| #define STDC_HEADERS 1
| #define HAVE_SYS_TYPES_H 1
| #define HAVE_SYS_STAT_H 1
| #define HAVE_STDLIB_H 1
| #define HAVE_STRING_H 1
| #define HAVE_MEMORY_H 1
| #define HAVE_STRINGS_H 1
| #define HAVE_INTTYPES_H 1
| #define HAVE_STDINT_H 1
| #define HAVE_UNISTD_H 1
| /* end confdefs.h.  */
| #include <stdio.h>
| #ifdef HAVE_SYS_TYPES_H
| # include <sys/types.h>
| #endif
| #ifdef HAVE_SYS_STAT_H
| # include <sys/stat.h>
| #endif
| #ifdef STDC_HEADERS
| # include <stdlib.h>
| # include <stddef.h>
| #else
| # ifdef HAVE_STDLIB_H
| #  include <stdlib.h>
| # endif
| #endif
| #ifdef HAVE_STRING_H
| # if !defined STDC_HEADERS && defined HAVE_MEMORY_H
| #  include <memory.h>
| # endif
| # include <string.h>
| #endif
| #ifdef HAVE_STRINGS_H
| # include <strings.h>
| #endif
| #ifdef HAVE_INTTYPES_H
| # include <inttypes.h>
| #endif
| #ifdef HAVE_STDINT_H
| # include <stdint.h>
| #endif
| #ifdef HAVE_UNISTD_H
| # include <unistd.h>
| #endif
| #include <libpq-fe.h>
configure:19490: result: no
configure:19490: checking libpq-fe.h presence
configure:19490: /home/neo/workspace/basic-block-analyzer/basic-block-analyzer/ll-parser/scripts/ll-cc.py -E  -DLINUX -D_REENTRANT -D_GNU_SOURCE conftest.c
conftest.c:19:22: fatal error: libpq-fe.h: No such file or directory
 #include <libpq-fe.h>
                      ^
compilation terminated.
configure:19490: $? = 1
configure: failed program was:
| /* confdefs.h */
| #define PACKAGE_NAME ""
| #define PACKAGE_TARNAME ""
| #define PACKAGE_VERSION ""
| #define PACKAGE_STRING ""
| #define PACKAGE_BUGREPORT ""
| #define PACKAGE_URL ""
| #define STDC_HEADERS 1
| #define HAVE_SYS_TYPES_H 1
| #define HAVE_SYS_STAT_H 1
| #define HAVE_STDLIB_H 1
| #define HAVE_STRING_H 1
| #define HAVE_MEMORY_H 1
| #define HAVE_STRINGS_H 1
| #define HAVE_INTTYPES_H 1
| #define HAVE_STDINT_H 1
| #define HAVE_UNISTD_H 1
| /* end confdefs.h.  */
| #include <libpq-fe.h>
configure:19490: result: no
configure:19490: checking for libpq-fe.h
configure:19490: result: no
configure:19612: checking postgresql/libpq-fe.h usability
configure:19612: /home/neo/workspace/basic-block-analyzer/basic-block-analyzer/ll-parser/scripts/ll-cc.py -c -g -O2 -pthread  -DLINUX -D_REENTRANT -D_GNU_SOURCE conftest.c >&5
emitting llvm-ir with the command  ['clang', '-c', '-g', '-O2', '-pthread', '-DLINUX', '-D_REENTRANT', '-D_GNU_SOURCE', 'conftest.c', '-emit-llvm']
conftest.c:52:10: fatal error: 'postgresql/libpq-fe.h' file not found
#include <postgresql/libpq-fe.h>
         ^
1 error generated.
conftest.c:52:33: fatal error: postgresql/libpq-fe.h: No such file or directory
 #include <postgresql/libpq-fe.h>
                                 ^
compilation terminated.
configure:19612: $? = 1
configure: failed program was:
| /* confdefs.h */
| #define PACKAGE_NAME ""
| #define PACKAGE_TARNAME ""
| #define PACKAGE_VERSION ""
| #define PACKAGE_STRING ""
| #define PACKAGE_BUGREPORT ""
| #define PACKAGE_URL ""
| #define STDC_HEADERS 1
| #define HAVE_SYS_TYPES_H 1
| #define HAVE_SYS_STAT_H 1
| #define HAVE_STDLIB_H 1
| #define HAVE_STRING_H 1
| #define HAVE_MEMORY_H 1
| #define HAVE_STRINGS_H 1
| #define HAVE_INTTYPES_H 1
| #define HAVE_STDINT_H 1
| #define HAVE_UNISTD_H 1
| /* end confdefs.h.  */
| #include <stdio.h>
| #ifdef HAVE_SYS_TYPES_H
| # include <sys/types.h>
| #endif
| #ifdef HAVE_SYS_STAT_H
| # include <sys/stat.h>
| #endif
| #ifdef STDC_HEADERS
| # include <stdlib.h>
| # include <stddef.h>
| #else
| # ifdef HAVE_STDLIB_H
| #  include <stdlib.h>
| # endif
| #endif
| #ifdef HAVE_STRING_H
| # if !defined STDC_HEADERS && defined HAVE_MEMORY_H
| #  include <memory.h>
| # endif
| # include <string.h>
| #endif
| #ifdef HAVE_STRINGS_H
| # include <strings.h>
| #endif
| #ifdef HAVE_INTTYPES_H
| # include <inttypes.h>
| #endif
| #ifdef HAVE_STDINT_H
| # include <stdint.h>
| #endif
| #ifdef HAVE_UNISTD_H
| # include <unistd.h>
| #endif
| #include <postgresql/libpq-fe.h>
configure:19612: result: no
configure:19612: checking postgresql/libpq-fe.h presence
configure:19612: /home/neo/workspace/basic-block-analyzer/basic-block-analyzer/ll-parser/scripts/ll-cc.py -E  -DLINUX -D_REENTRANT -D_GNU_SOURCE conftest.c
conftest.c:19:33: fatal error: postgresql/libpq-fe.h: No such file or directory
 #include <postgresql/libpq-fe.h>
                                 ^
compilation terminated.
configure:19612: $? = 1
configure: failed program was:
| /* confdefs.h */
| #define PACKAGE_NAME ""
| #define PACKAGE_TARNAME ""
| #define PACKAGE_VERSION ""
| #define PACKAGE_STRING ""
| #define PACKAGE_BUGREPORT ""
| #define PACKAGE_URL ""
| #define STDC_HEADERS 1
| #define HAVE_SYS_TYPES_H 1
| #define HAVE_SYS_STAT_H 1
| #define HAVE_STDLIB_H 1
| #define HAVE_STRING_H 1
| #define HAVE_MEMORY_H 1
| #define HAVE_STRINGS_H 1
| #define HAVE_INTTYPES_H 1
| #define HAVE_STDINT_H 1
| #define HAVE_UNISTD_H 1
| /* end confdefs.h.  */
| #include <postgresql/libpq-fe.h>
configure:19612: result: no
configure:19612: checking for postgresql/libpq-fe.h
configure:19612: result: no
configure:20508: checking sqlite3.h usability
configure:20508: /home/neo/workspace/basic-block-analyzer/basic-block-analyzer/ll-parser/scripts/ll-cc.py -c -g -O2 -pthread  -DLINUX -D_REENTRANT -D_GNU_SOURCE conftest.c >&5
emitting llvm-ir with the command  ['clang', '-c', '-g', '-O2', '-pthread', '-DLINUX', '-D_REENTRANT', '-D_GNU_SOURCE', 'conftest.c', '-emit-llvm']
conftest.c:52:10: fatal error: 'sqlite3.h' file not found
#include <sqlite3.h>
         ^
1 error generated.
conftest.c:52:21: fatal error: sqlite3.h: No such file or directory
 #include <sqlite3.h>
                     ^
compilation terminated.
configure:20508: $? = 1
configure: failed program was:
| /* confdefs.h */
| #define PACKAGE_NAME ""
| #define PACKAGE_TARNAME ""
| #define PACKAGE_VERSION ""
| #define PACKAGE_STRING ""
| #define PACKAGE_BUGREPORT ""
| #define PACKAGE_URL ""
| #define STDC_HEADERS 1
| #define HAVE_SYS_TYPES_H 1
| #define HAVE_SYS_STAT_H 1
| #define HAVE_STDLIB_H 1
| #define HAVE_STRING_H 1
| #define HAVE_MEMORY_H 1
| #define HAVE_STRINGS_H 1
| #define HAVE_INTTYPES_H 1
| #define HAVE_STDINT_H 1
| #define HAVE_UNISTD_H 1
| /* end confdefs.h.  */
| #include <stdio.h>
| #ifdef HAVE_SYS_TYPES_H
| # include <sys/types.h>
| #endif
| #ifdef HAVE_SYS_STAT_H
| # include <sys/stat.h>
| #endif
| #ifdef STDC_HEADERS
| # include <stdlib.h>
| # include <stddef.h>
| #else
| # ifdef HAVE_STDLIB_H
| #  include <stdlib.h>
| # endif
| #endif
| #ifdef HAVE_STRING_H
| # if !defined STDC_HEADERS && defined HAVE_MEMORY_H
| #  include <memory.h>
| # endif
| # include <string.h>
| #endif
| #ifdef HAVE_STRINGS_H
| # include <strings.h>
| #endif
| #ifdef HAVE_INTTYPES_H
| # include <inttypes.h>
| #endif
| #ifdef HAVE_STDINT_H
| # include <stdint.h>
| #endif
| #ifdef HAVE_UNISTD_H
| # include <unistd.h>
| #endif
| #include <sqlite3.h>
configure:20508: result: no
configure:20508: checking sqlite3.h presence
configure:20508: /home/neo/workspace/basic-block-analyzer/basic-block-analyzer/ll-parser/scripts/ll-cc.py -E  -DLINUX -D_REENTRANT -D_GNU_SOURCE conftest.c
conftest.c:19:21: fatal error: sqlite3.h: No such file or directory
 #include <sqlite3.h>
                     ^
compilation terminated.
configure:20508: $? = 1
configure: failed program was:
| /* confdefs.h */
| #define PACKAGE_NAME ""
| #define PACKAGE_TARNAME ""
| #define PACKAGE_VERSION ""
| #define PACKAGE_STRING ""
| #define PACKAGE_BUGREPORT ""
| #define PACKAGE_URL ""
| #define STDC_HEADERS 1
| #define HAVE_SYS_TYPES_H 1
| #define HAVE_SYS_STAT_H 1
| #define HAVE_STDLIB_H 1
| #define HAVE_STRING_H 1
| #define HAVE_MEMORY_H 1
| #define HAVE_STRINGS_H 1
| #define HAVE_INTTYPES_H 1
| #define HAVE_STDINT_H 1
| #define HAVE_UNISTD_H 1
| /* end confdefs.h.  */
| #include <sqlite3.h>
configure:20508: result: no
configure:20508: checking for sqlite3.h
configure:20508: result: no
configure:20786: checking sqlite.h usability
configure:20786: /home/neo/workspace/basic-block-analyzer/basic-block-analyzer/ll-parser/scripts/ll-cc.py -c -g -O2 -pthread  -DLINUX -D_REENTRANT -D_GNU_SOURCE conftest.c >&5
emitting llvm-ir with the command  ['clang', '-c', '-g', '-O2', '-pthread', '-DLINUX', '-D_REENTRANT', '-D_GNU_SOURCE', 'conftest.c', '-emit-llvm']
conftest.c:52:10: fatal error: 'sqlite.h' file not found
#include <sqlite.h>
         ^
1 error generated.
conftest.c:52:20: fatal error: sqlite.h: No such file or directory
 #include <sqlite.h>
                    ^
compilation terminated.
configure:20786: $? = 1
configure: failed program was:
| /* confdefs.h */
| #define PACKAGE_NAME ""
| #define PACKAGE_TARNAME ""
| #define PACKAGE_VERSION ""
| #define PACKAGE_STRING ""
| #define PACKAGE_BUGREPORT ""
| #define PACKAGE_URL ""
| #define STDC_HEADERS 1
| #define HAVE_SYS_TYPES_H 1
| #define HAVE_SYS_STAT_H 1
| #define HAVE_STDLIB_H 1
| #define HAVE_STRING_H 1
| #define HAVE_MEMORY_H 1
| #define HAVE_STRINGS_H 1
| #define HAVE_INTTYPES_H 1
| #define HAVE_STDINT_H 1
| #define HAVE_UNISTD_H 1
| /* end confdefs.h.  */
| #include <stdio.h>
| #ifdef HAVE_SYS_TYPES_H
| # include <sys/types.h>
| #endif
| #ifdef HAVE_SYS_STAT_H
| # include <sys/stat.h>
| #endif
| #ifdef STDC_HEADERS
| # include <stdlib.h>
| # include <stddef.h>
| #else
| # ifdef HAVE_STDLIB_H
| #  include <stdlib.h>
| # endif
| #endif
| #ifdef HAVE_STRING_H
| # if !defined STDC_HEADERS && defined HAVE_MEMORY_H
| #  include <memory.h>
| # endif
| # include <string.h>
| #endif
| #ifdef HAVE_STRINGS_H
| # include <strings.h>
| #endif
| #ifdef HAVE_INTTYPES_H
| # include <inttypes.h>
| #endif
| #ifdef HAVE_STDINT_H
| # include <stdint.h>
| #endif
| #ifdef HAVE_UNISTD_H
| # include <unistd.h>
| #endif
| #include <sqlite.h>
configure:20786: result: no
configure:20786: checking sqlite.h presence
configure:20786: /home/neo/workspace/basic-block-analyzer/basic-block-analyzer/ll-parser/scripts/ll-cc.py -E  -DLINUX -D_REENTRANT -D_GNU_SOURCE conftest.c
conftest.c:19:20: fatal error: sqlite.h: No such file or directory
 #include <sqlite.h>
                    ^
compilation terminated.
configure:20786: $? = 1
configure: failed program was:
| /* confdefs.h */
| #define PACKAGE_NAME ""
| #define PACKAGE_TARNAME ""
| #define PACKAGE_VERSION ""
| #define PACKAGE_STRING ""
| #define PACKAGE_BUGREPORT ""
| #define PACKAGE_URL ""
| #define STDC_HEADERS 1
| #define HAVE_SYS_TYPES_H 1
| #define HAVE_SYS_STAT_H 1
| #define HAVE_STDLIB_H 1
| #define HAVE_STRING_H 1
| #define HAVE_MEMORY_H 1
| #define HAVE_STRINGS_H 1
| #define HAVE_INTTYPES_H 1
| #define HAVE_STDINT_H 1
| #define HAVE_UNISTD_H 1
| /* end confdefs.h.  */
| #include <sqlite.h>
configure:20786: result: no
configure:20786: checking for sqlite.h
configure:20786: result: no
configure:21800: checking sybdb.h usability
configure:21800: /home/neo/workspace/basic-block-analyzer/basic-block-analyzer/ll-parser/scripts/ll-cc.py -c -g -O2 -pthread  -DLINUX -D_REENTRANT -D_GNU_SOURCE conftest.c >&5
emitting llvm-ir with the command  ['clang', '-c', '-g', '-O2', '-pthread', '-DLINUX', '-D_REENTRANT', '-D_GNU_SOURCE', 'conftest.c', '-emit-llvm']
conftest.c:52:10: fatal error: 'sybdb.h' file not found
#include <sybdb.h>
         ^
1 error generated.
conftest.c:52:19: fatal error: sybdb.h: No such file or directory
 #include <sybdb.h>
                   ^
compilation terminated.
configure:21800: $? = 1
configure: failed program was:
| /* confdefs.h */
| #define PACKAGE_NAME ""
| #define PACKAGE_TARNAME ""
| #define PACKAGE_VERSION ""
| #define PACKAGE_STRING ""
| #define PACKAGE_BUGREPORT ""
| #define PACKAGE_URL ""
| #define STDC_HEADERS 1
| #define HAVE_SYS_TYPES_H 1
| #define HAVE_SYS_STAT_H 1
| #define HAVE_STDLIB_H 1
| #define HAVE_STRING_H 1
| #define HAVE_MEMORY_H 1
| #define HAVE_STRINGS_H 1
| #define HAVE_INTTYPES_H 1
| #define HAVE_STDINT_H 1
| #define HAVE_UNISTD_H 1
| /* end confdefs.h.  */
| #include <stdio.h>
| #ifdef HAVE_SYS_TYPES_H
| # include <sys/types.h>
| #endif
| #ifdef HAVE_SYS_STAT_H
| # include <sys/stat.h>
| #endif
| #ifdef STDC_HEADERS
| # include <stdlib.h>
| # include <stddef.h>
| #else
| # ifdef HAVE_STDLIB_H
| #  include <stdlib.h>
| # endif
| #endif
| #ifdef HAVE_STRING_H
| # if !defined STDC_HEADERS && defined HAVE_MEMORY_H
| #  include <memory.h>
| # endif
| # include <string.h>
| #endif
| #ifdef HAVE_STRINGS_H
| # include <strings.h>
| #endif
| #ifdef HAVE_INTTYPES_H
| # include <inttypes.h>
| #endif
| #ifdef HAVE_STDINT_H
| # include <stdint.h>
| #endif
| #ifdef HAVE_UNISTD_H
| # include <unistd.h>
| #endif
| #include <sybdb.h>
configure:21800: result: no
configure:21800: checking sybdb.h presence
configure:21800: /home/neo/workspace/basic-block-analyzer/basic-block-analyzer/ll-parser/scripts/ll-cc.py -E  -DLINUX -D_REENTRANT -D_GNU_SOURCE conftest.c
conftest.c:19:19: fatal error: sybdb.h: No such file or directory
 #include <sybdb.h>
                   ^
compilation terminated.
configure:21800: $? = 1
configure: failed program was:
| /* confdefs.h */
| #define PACKAGE_NAME ""
| #define PACKAGE_TARNAME ""
| #define PACKAGE_VERSION ""
| #define PACKAGE_STRING ""
| #define PACKAGE_BUGREPORT ""
| #define PACKAGE_URL ""
| #define STDC_HEADERS 1
| #define HAVE_SYS_TYPES_H 1
| #define HAVE_SYS_STAT_H 1
| #define HAVE_STDLIB_H 1
| #define HAVE_STRING_H 1
| #define HAVE_MEMORY_H 1
| #define HAVE_STRINGS_H 1
| #define HAVE_INTTYPES_H 1
| #define HAVE_STDINT_H 1
| #define HAVE_UNISTD_H 1
| /* end confdefs.h.  */
| #include <sybdb.h>
configure:21800: result: no
configure:21800: checking for sybdb.h
configure:21800: result: no
configure:21852: checking freetds/sybdb.h usability
configure:21852: /home/neo/workspace/basic-block-analyzer/basic-block-analyzer/ll-parser/scripts/ll-cc.py -c -g -O2 -pthread  -DLINUX -D_REENTRANT -D_GNU_SOURCE conftest.c >&5
emitting llvm-ir with the command  ['clang', '-c', '-g', '-O2', '-pthread', '-DLINUX', '-D_REENTRANT', '-D_GNU_SOURCE', 'conftest.c', '-emit-llvm']
conftest.c:52:10: fatal error: 'freetds/sybdb.h' file not found
#include <freetds/sybdb.h>
         ^
1 error generated.
conftest.c:52:27: fatal error: freetds/sybdb.h: No such file or directory
 #include <freetds/sybdb.h>
                           ^
compilation terminated.
configure:21852: $? = 1
configure: failed program was:
| /* confdefs.h */
| #define PACKAGE_NAME ""
| #define PACKAGE_TARNAME ""
| #define PACKAGE_VERSION ""
| #define PACKAGE_STRING ""
| #define PACKAGE_BUGREPORT ""
| #define PACKAGE_URL ""
| #define STDC_HEADERS 1
| #define HAVE_SYS_TYPES_H 1
| #define HAVE_SYS_STAT_H 1
| #define HAVE_STDLIB_H 1
| #define HAVE_STRING_H 1
| #define HAVE_MEMORY_H 1
| #define HAVE_STRINGS_H 1
| #define HAVE_INTTYPES_H 1
| #define HAVE_STDINT_H 1
| #define HAVE_UNISTD_H 1
| /* end confdefs.h.  */
| #include <stdio.h>
| #ifdef HAVE_SYS_TYPES_H
| # include <sys/types.h>
| #endif
| #ifdef HAVE_SYS_STAT_H
| # include <sys/stat.h>
| #endif
| #ifdef STDC_HEADERS
| # include <stdlib.h>
| # include <stddef.h>
| #else
| # ifdef HAVE_STDLIB_H
| #  include <stdlib.h>
| # endif
| #endif
| #ifdef HAVE_STRING_H
| # if !defined STDC_HEADERS && defined HAVE_MEMORY_H
| #  include <memory.h>
| # endif
| # include <string.h>
| #endif
| #ifdef HAVE_STRINGS_H
| # include <strings.h>
| #endif
| #ifdef HAVE_INTTYPES_H
| # include <inttypes.h>
| #endif
| #ifdef HAVE_STDINT_H
| # include <stdint.h>
| #endif
| #ifdef HAVE_UNISTD_H
| # include <unistd.h>
| #endif
| #include <freetds/sybdb.h>
configure:21852: result: no
configure:21852: checking freetds/sybdb.h presence
configure:21852: /home/neo/workspace/basic-block-analyzer/basic-block-analyzer/ll-parser/scripts/ll-cc.py -E  -DLINUX -D_REENTRANT -D_GNU_SOURCE conftest.c
conftest.c:19:27: fatal error: freetds/sybdb.h: No such file or directory
 #include <freetds/sybdb.h>
                           ^
compilation terminated.
configure:21852: $? = 1
configure: failed program was:
| /* confdefs.h */
| #define PACKAGE_NAME ""
| #define PACKAGE_TARNAME ""
| #define PACKAGE_VERSION ""
| #define PACKAGE_STRING ""
| #define PACKAGE_BUGREPORT ""
| #define PACKAGE_URL ""
| #define STDC_HEADERS 1
| #define HAVE_SYS_TYPES_H 1
| #define HAVE_SYS_STAT_H 1
| #define HAVE_STDLIB_H 1
| #define HAVE_STRING_H 1
| #define HAVE_MEMORY_H 1
| #define HAVE_STRINGS_H 1
| #define HAVE_INTTYPES_H 1
| #define HAVE_STDINT_H 1
| #define HAVE_UNISTD_H 1
| /* end confdefs.h.  */
| #include <freetds/sybdb.h>
configure:21852: result: no
configure:21852: checking for freetds/sybdb.h
configure:21852: result: no
configure:22443: checking for odbc_config
configure:22476: result: no
configure:22553: checking sql.h usability
configure:22553: /home/neo/workspace/basic-block-analyzer/basic-block-analyzer/ll-parser/scripts/ll-cc.py -c -g -O2 -pthread  -DLINUX -D_REENTRANT -D_GNU_SOURCE conftest.c >&5
emitting llvm-ir with the command  ['clang', '-c', '-g', '-O2', '-pthread', '-DLINUX', '-D_REENTRANT', '-D_GNU_SOURCE', 'conftest.c', '-emit-llvm']
conftest.c:52:10: fatal error: 'sql.h' file not found
#include <sql.h>
         ^
1 error generated.
conftest.c:52:17: fatal error: sql.h: No such file or directory
 #include <sql.h>
                 ^
compilation terminated.
configure:22553: $? = 1
configure: failed program was:
| /* confdefs.h */
| #define PACKAGE_NAME ""
| #define PACKAGE_TARNAME ""
| #define PACKAGE_VERSION ""
| #define PACKAGE_STRING ""
| #define PACKAGE_BUGREPORT ""
| #define PACKAGE_URL ""
| #define STDC_HEADERS 1
| #define HAVE_SYS_TYPES_H 1
| #define HAVE_SYS_STAT_H 1
| #define HAVE_STDLIB_H 1
| #define HAVE_STRING_H 1
| #define HAVE_MEMORY_H 1
| #define HAVE_STRINGS_H 1
| #define HAVE_INTTYPES_H 1
| #define HAVE_STDINT_H 1
| #define HAVE_UNISTD_H 1
| /* end confdefs.h.  */
| #include <stdio.h>
| #ifdef HAVE_SYS_TYPES_H
| # include <sys/types.h>
| #endif
| #ifdef HAVE_SYS_STAT_H
| # include <sys/stat.h>
| #endif
| #ifdef STDC_HEADERS
| # include <stdlib.h>
| # include <stddef.h>
| #else
| # ifdef HAVE_STDLIB_H
| #  include <stdlib.h>
| # endif
| #endif
| #ifdef HAVE_STRING_H
| # if !defined STDC_HEADERS && defined HAVE_MEMORY_H
| #  include <memory.h>
| # endif
| # include <string.h>
| #endif
| #ifdef HAVE_STRINGS_H
| # include <strings.h>
| #endif
| #ifdef HAVE_INTTYPES_H
| # include <inttypes.h>
| #endif
| #ifdef HAVE_STDINT_H
| # include <stdint.h>
| #endif
| #ifdef HAVE_UNISTD_H
| # include <unistd.h>
| #endif
| #include <sql.h>
configure:22553: result: no
configure:22553: checking sql.h presence
configure:22553: /home/neo/workspace/basic-block-analyzer/basic-block-analyzer/ll-parser/scripts/ll-cc.py -E  -DLINUX -D_REENTRANT -D_GNU_SOURCE conftest.c
conftest.c:19:17: fatal error: sql.h: No such file or directory
 #include <sql.h>
                 ^
compilation terminated.
configure:22553: $? = 1
configure: failed program was:
| /* confdefs.h */
| #define PACKAGE_NAME ""
| #define PACKAGE_TARNAME ""
| #define PACKAGE_VERSION ""
| #define PACKAGE_STRING ""
| #define PACKAGE_BUGREPORT ""
| #define PACKAGE_URL ""
| #define STDC_HEADERS 1
| #define HAVE_SYS_TYPES_H 1
| #define HAVE_SYS_STAT_H 1
| #define HAVE_STDLIB_H 1
| #define HAVE_STRING_H 1
| #define HAVE_MEMORY_H 1
| #define HAVE_STRINGS_H 1
| #define HAVE_INTTYPES_H 1
| #define HAVE_STDINT_H 1
| #define HAVE_UNISTD_H 1
| /* end confdefs.h.  */
| #include <sql.h>
configure:22553: result: no
configure:22553: checking for sql.h
configure:22553: result: no
configure:22605: checking odbc/sql.h usability
configure:22605: /home/neo/workspace/basic-block-analyzer/basic-block-analyzer/ll-parser/scripts/ll-cc.py -c -g -O2 -pthread  -DLINUX -D_REENTRANT -D_GNU_SOURCE conftest.c >&5
emitting llvm-ir with the command  ['clang', '-c', '-g', '-O2', '-pthread', '-DLINUX', '-D_REENTRANT', '-D_GNU_SOURCE', 'conftest.c', '-emit-llvm']
conftest.c:52:10: fatal error: 'odbc/sql.h' file not found
#include <odbc/sql.h>
         ^
1 error generated.
conftest.c:52:22: fatal error: odbc/sql.h: No such file or directory
 #include <odbc/sql.h>
                      ^
compilation terminated.
configure:22605: $? = 1
configure: failed program was:
| /* confdefs.h */
| #define PACKAGE_NAME ""
| #define PACKAGE_TARNAME ""
| #define PACKAGE_VERSION ""
| #define PACKAGE_STRING ""
| #define PACKAGE_BUGREPORT ""
| #define PACKAGE_URL ""
| #define STDC_HEADERS 1
| #define HAVE_SYS_TYPES_H 1
| #define HAVE_SYS_STAT_H 1
| #define HAVE_STDLIB_H 1
| #define HAVE_STRING_H 1
| #define HAVE_MEMORY_H 1
| #define HAVE_STRINGS_H 1
| #define HAVE_INTTYPES_H 1
| #define HAVE_STDINT_H 1
| #define HAVE_UNISTD_H 1
| /* end confdefs.h.  */
| #include <stdio.h>
| #ifdef HAVE_SYS_TYPES_H
| # include <sys/types.h>
| #endif
| #ifdef HAVE_SYS_STAT_H
| # include <sys/stat.h>
| #endif
| #ifdef STDC_HEADERS
| # include <stdlib.h>
| # include <stddef.h>
| #else
| # ifdef HAVE_STDLIB_H
| #  include <stdlib.h>
| # endif
| #endif
| #ifdef HAVE_STRING_H
| # if !defined STDC_HEADERS && defined HAVE_MEMORY_H
| #  include <memory.h>
| # endif
| # include <string.h>
| #endif
| #ifdef HAVE_STRINGS_H
| # include <strings.h>
| #endif
| #ifdef HAVE_INTTYPES_H
| # include <inttypes.h>
| #endif
| #ifdef HAVE_STDINT_H
| # include <stdint.h>
| #endif
| #ifdef HAVE_UNISTD_H
| # include <unistd.h>
| #endif
| #include <odbc/sql.h>
configure:22605: result: no
configure:22605: checking odbc/sql.h presence
configure:22605: /home/neo/workspace/basic-block-analyzer/basic-block-analyzer/ll-parser/scripts/ll-cc.py -E  -DLINUX -D_REENTRANT -D_GNU_SOURCE conftest.c
conftest.c:19:22: fatal error: odbc/sql.h: No such file or directory
 #include <odbc/sql.h>
                      ^
compilation terminated.
configure:22605: $? = 1
configure: failed program was:
| /* confdefs.h */
| #define PACKAGE_NAME ""
| #define PACKAGE_TARNAME ""
| #define PACKAGE_VERSION ""
| #define PACKAGE_STRING ""
| #define PACKAGE_BUGREPORT ""
| #define PACKAGE_URL ""
| #define STDC_HEADERS 1
| #define HAVE_SYS_TYPES_H 1
| #define HAVE_SYS_STAT_H 1
| #define HAVE_STDLIB_H 1
| #define HAVE_STRING_H 1
| #define HAVE_MEMORY_H 1
| #define HAVE_STRINGS_H 1
| #define HAVE_INTTYPES_H 1
| #define HAVE_STDINT_H 1
| #define HAVE_UNISTD_H 1
| /* end confdefs.h.  */
| #include <odbc/sql.h>
configure:22605: result: no
configure:22605: checking for odbc/sql.h
configure:22605: result: no
configure:22841: checking Expat 1.95.x
configure:22861: /home/neo/workspace/basic-block-analyzer/basic-block-analyzer/ll-parser/scripts/ll-cc.py -o conftest -g -O2 -pthread  -DLINUX -D_REENTRANT -D_GNU_SOURCE  conftest.c  -lexpat >&5
conftest.c:20:19: fatal error: expat.h: No such file or directory
 #include <expat.h>
                   ^
compilation terminated.
configure:22861: $? = 1
configure: failed program was:
| /* confdefs.h */
| #define PACKAGE_NAME ""
| #define PACKAGE_TARNAME ""
| #define PACKAGE_VERSION ""
| #define PACKAGE_STRING ""
| #define PACKAGE_BUGREPORT ""
| #define PACKAGE_URL ""
| #define STDC_HEADERS 1
| #define HAVE_SYS_TYPES_H 1
| #define HAVE_SYS_STAT_H 1
| #define HAVE_STDLIB_H 1
| #define HAVE_STRING_H 1
| #define HAVE_MEMORY_H 1
| #define HAVE_STRINGS_H 1
| #define HAVE_INTTYPES_H 1
| #define HAVE_STDINT_H 1
| #define HAVE_UNISTD_H 1
| /* end confdefs.h.  */
| #include <stdlib.h>
| #include <expat.h>
| int
| main ()
| {
| XML_ParserCreate(NULL);
|   ;
|   return 0;
| }
configure:22871: result: no
configure:22889: checking old Debian-packaged expat
configure:22909: /home/neo/workspace/basic-block-analyzer/basic-block-analyzer/ll-parser/scripts/ll-cc.py -o conftest -g -O2 -pthread  -DLINUX -D_REENTRANT -D_GNU_SOURCE  conftest.c  -lxmlparse -lxmltok >&5
conftest.c:20:29: fatal error: xmltok/xmlparse.h: No such file or directory
 #include <xmltok/xmlparse.h>
                             ^
compilation terminated.
configure:22909: $? = 1
configure: failed program was:
| /* confdefs.h */
| #define PACKAGE_NAME ""
| #define PACKAGE_TARNAME ""
| #define PACKAGE_VERSION ""
| #define PACKAGE_STRING ""
| #define PACKAGE_BUGREPORT ""
| #define PACKAGE_URL ""
| #define STDC_HEADERS 1
| #define HAVE_SYS_TYPES_H 1
| #define HAVE_SYS_STAT_H 1
| #define HAVE_STDLIB_H 1
| #define HAVE_STRING_H 1
| #define HAVE_MEMORY_H 1
| #define HAVE_STRINGS_H 1
| #define HAVE_INTTYPES_H 1
| #define HAVE_STDINT_H 1
| #define HAVE_UNISTD_H 1
| /* end confdefs.h.  */
| #include <stdlib.h>
| #include <xmltok/xmlparse.h>
| int
| main ()
| {
| XML_ParserCreate(NULL);
|   ;
|   return 0;
| }
configure:22919: result: no
configure:22938: checking old FreeBSD-packaged expat
configure:22958: /home/neo/workspace/basic-block-analyzer/basic-block-analyzer/ll-parser/scripts/ll-cc.py -o conftest -g -O2 -pthread  -DLINUX -D_REENTRANT -D_GNU_SOURCE  conftest.c  -lexpat >&5
conftest.c:20:26: fatal error: xml/xmlparse.h: No such file or directory
 #include <xml/xmlparse.h>
                          ^
compilation terminated.
configure:22958: $? = 1
configure: failed program was:
| /* confdefs.h */
| #define PACKAGE_NAME ""
| #define PACKAGE_TARNAME ""
| #define PACKAGE_VERSION ""
| #define PACKAGE_STRING ""
| #define PACKAGE_BUGREPORT ""
| #define PACKAGE_URL ""
| #define STDC_HEADERS 1
| #define HAVE_SYS_TYPES_H 1
| #define HAVE_SYS_STAT_H 1
| #define HAVE_STDLIB_H 1
| #define HAVE_STRING_H 1
| #define HAVE_MEMORY_H 1
| #define HAVE_STRINGS_H 1
| #define HAVE_INTTYPES_H 1
| #define HAVE_STDINT_H 1
| #define HAVE_UNISTD_H 1
| /* end confdefs.h.  */
| #include <stdlib.h>
| #include <xml/xmlparse.h>
| int
| main ()
| {
| XML_ParserCreate(NULL);
|   ;
|   return 0;
| }
configure:22968: result: no
configure:22987: checking Expat 1.0/1.1
configure:23007: /home/neo/workspace/basic-block-analyzer/basic-block-analyzer/ll-parser/scripts/ll-cc.py -o conftest -g -O2 -pthread  -DLINUX -D_REENTRANT -D_GNU_SOURCE  conftest.c  -lexpat >&5
conftest.c:20:31: fatal error: xmlparse/xmlparse.h: No such file or directory
 #include <xmlparse/xmlparse.h>
                               ^
compilation terminated.
configure:23007: $? = 1
configure: failed program was:
| /* confdefs.h */
| #define PACKAGE_NAME ""
| #define PACKAGE_TARNAME ""
| #define PACKAGE_VERSION ""
| #define PACKAGE_STRING ""
| #define PACKAGE_BUGREPORT ""
| #define PACKAGE_URL ""
| #define STDC_HEADERS 1
| #define HAVE_SYS_TYPES_H 1
| #define HAVE_SYS_STAT_H 1
| #define HAVE_STDLIB_H 1
| #define HAVE_STRING_H 1
| #define HAVE_MEMORY_H 1
| #define HAVE_STRINGS_H 1
| #define HAVE_INTTYPES_H 1
| #define HAVE_STDINT_H 1
| #define HAVE_UNISTD_H 1
| /* end confdefs.h.  */
| #include <stdlib.h>
| #include <xmlparse/xmlparse.h>
| int
| main ()
| {
| XML_ParserCreate(NULL);
|   ;
|   return 0;
| }
configure:23017: result: no
configure:23079: checking Expat 1.95.x in /usr/local
configure:23099: /home/neo/workspace/basic-block-analyzer/basic-block-analyzer/ll-parser/scripts/ll-cc.py -o conftest -g -O2 -pthread  -DLINUX -D_REENTRANT -D_GNU_SOURCE -I/usr/local/include -L/usr/local/lib conftest.c  -lexpat >&5
conftest.c:20:19: fatal error: expat.h: No such file or directory
 #include <expat.h>
                   ^
compilation terminated.
configure:23099: $? = 1
configure: failed program was:
| /* confdefs.h */
| #define PACKAGE_NAME ""
| #define PACKAGE_TARNAME ""
| #define PACKAGE_VERSION ""
| #define PACKAGE_STRING ""
| #define PACKAGE_BUGREPORT ""
| #define PACKAGE_URL ""
| #define STDC_HEADERS 1
| #define HAVE_SYS_TYPES_H 1
| #define HAVE_SYS_STAT_H 1
| #define HAVE_STDLIB_H 1
| #define HAVE_STRING_H 1
| #define HAVE_MEMORY_H 1
| #define HAVE_STRINGS_H 1
| #define HAVE_INTTYPES_H 1
| #define HAVE_STDINT_H 1
| #define HAVE_UNISTD_H 1
| /* end confdefs.h.  */
| #include <stdlib.h>
| #include <expat.h>
| int
| main ()
| {
| XML_ParserCreate(NULL);
|   ;
|   return 0;
| }
configure:23109: result: no
configure:23551: checking iconv.h usability
configure:23551: /home/neo/workspace/basic-block-analyzer/basic-block-analyzer/ll-parser/scripts/ll-cc.py -c -g -O2 -pthread  -DLINUX -D_REENTRANT -D_GNU_SOURCE conftest.c >&5
emitting llvm-ir with the command  ['clang', '-c', '-g', '-O2', '-pthread', '-DLINUX', '-D_REENTRANT', '-D_GNU_SOURCE', 'conftest.c', '-emit-llvm']
configure:23551: $? = 0
configure:23551: result: yes
configure:23551: checking iconv.h presence
configure:23551: /home/neo/workspace/basic-block-analyzer/basic-block-analyzer/ll-parser/scripts/ll-cc.py -E  -DLINUX -D_REENTRANT -D_GNU_SOURCE conftest.c
configure:23551: $? = 0
configure:23551: result: yes
configure:23551: checking for iconv.h
configure:23551: result: yes
configure:23572: /home/neo/workspace/basic-block-analyzer/basic-block-analyzer/ll-parser/scripts/ll-cc.py -o conftest -g -O2 -pthread  -DLINUX -D_REENTRANT -D_GNU_SOURCE  conftest.c  >&5
configure:23572: $? = 0
configure:23795: checking for type of inbuf parameter to iconv
configure:23818: /home/neo/workspace/basic-block-analyzer/basic-block-analyzer/ll-parser/scripts/ll-cc.py -c -g -O2 -pthread  -Werror  -DLINUX -D_REENTRANT -D_GNU_SOURCE conftest.c >&5
emitting llvm-ir with the command  ['clang', '-c', '-g', '-O2', '-pthread', '-Werror', '-DLINUX', '-D_REENTRANT', '-D_GNU_SOURCE', 'conftest.c', '-emit-llvm']
configure:23818: $? = 0
configure:23835: result: char **
configure:23844: checking for iconv.h
configure:23844: result: yes
configure:23844: checking langinfo.h usability
configure:23844: /home/neo/workspace/basic-block-analyzer/basic-block-analyzer/ll-parser/scripts/ll-cc.py -c -g -O2 -pthread  -DLINUX -D_REENTRANT -D_GNU_SOURCE conftest.c >&5
emitting llvm-ir with the command  ['clang', '-c', '-g', '-O2', '-pthread', '-DLINUX', '-D_REENTRANT', '-D_GNU_SOURCE', 'conftest.c', '-emit-llvm']
configure:23844: $? = 0
configure:23844: result: yes
configure:23844: checking langinfo.h presence
configure:23844: /home/neo/workspace/basic-block-analyzer/basic-block-analyzer/ll-parser/scripts/ll-cc.py -E  -DLINUX -D_REENTRANT -D_GNU_SOURCE conftest.c
configure:23844: $? = 0
configure:23844: result: yes
configure:23844: checking for langinfo.h
configure:23844: result: yes
configure:23868: checking for nl_langinfo
configure:23868: /home/neo/workspace/basic-block-analyzer/basic-block-analyzer/ll-parser/scripts/ll-cc.py -o conftest -g -O2 -pthread  -DLINUX -D_REENTRANT -D_GNU_SOURCE  conftest.c  >&5
configure:23868: $? = 0
configure:23868: result: yes
configure:23888: checking for CODESET in langinfo.h
configure:23913: result: yes
configure:23937: checking whether APR has DSO support
configure:23962: result: yes
configure:24047: checking for library containing crypt
configure:24078: /home/neo/workspace/basic-block-analyzer/basic-block-analyzer/ll-parser/scripts/ll-cc.py -o conftest -g -O2 -pthread  -DLINUX -D_REENTRANT -D_GNU_SOURCE  conftest.c  >&5
/tmp/ccrkyhc1.o: In function `main':
/research-data/bitcode-farm/httpd/build/srclib/apr-util/conftest.c:35: undefined reference to `crypt'
collect2: error: ld returned 1 exit status
configure:24078: $? = 1
configure: failed program was:
| /* confdefs.h */
| #define PACKAGE_NAME ""
| #define PACKAGE_TARNAME ""
| #define PACKAGE_VERSION ""
| #define PACKAGE_STRING ""
| #define PACKAGE_BUGREPORT ""
| #define PACKAGE_URL ""
| #define STDC_HEADERS 1
| #define HAVE_SYS_TYPES_H 1
| #define HAVE_SYS_STAT_H 1
| #define HAVE_STDLIB_H 1
| #define HAVE_STRING_H 1
| #define HAVE_MEMORY_H 1
| #define HAVE_STRINGS_H 1
| #define HAVE_INTTYPES_H 1
| #define HAVE_STDINT_H 1
| #define HAVE_UNISTD_H 1
| #define HAVE_ICONV_H 1
| #define HAVE_LANGINFO_H 1
| #define HAVE_NL_LANGINFO 1
| #define HAVE_CODESET 1
| #define APU_DSO_BUILD 1
| /* end confdefs.h.  */
| 
| /* Override any GCC internal prototype to avoid an error.
|    Use char because int might match the return type of a GCC
|    builtin and then its argument prototype would still apply.  */
| #ifdef __cplusplus
| extern "C"
| #endif
| char crypt ();
| int
| main ()
| {
| return crypt ();
|   ;
|   return 0;
| }
configure:24078: /home/neo/workspace/basic-block-analyzer/basic-block-analyzer/ll-parser/scripts/ll-cc.py -o conftest -g -O2 -pthread  -DLINUX -D_REENTRANT -D_GNU_SOURCE  conftest.c -lcrypt   >&5
configure:24078: $? = 0
configure:24095: result: -lcrypt
configure:24103: checking if system crypt() function is threadsafe
configure:24113: result: no
configure:24118: checking for crypt_r
configure:24118: /home/neo/workspace/basic-block-analyzer/basic-block-analyzer/ll-parser/scripts/ll-cc.py -o conftest -g -O2 -pthread  -DLINUX -D_REENTRANT -D_GNU_SOURCE  conftest.c -lcrypt  >&5
configure:24118: $? = 0
configure:24118: result: yes
configure:24132: checking style of crypt_r
configure:24149: /home/neo/workspace/basic-block-analyzer/basic-block-analyzer/ll-parser/scripts/ll-cc.py -c -g -O2 -pthread  -DLINUX -D_REENTRANT -D_GNU_SOURCE conftest.c >&5
emitting llvm-ir with the command  ['clang', '-c', '-g', '-O2', '-pthread', '-DLINUX', '-D_REENTRANT', '-D_GNU_SOURCE', 'conftest.c', '-emit-llvm']
conftest.c:29:1: error: use of undeclared identifier 'CRYPTD'
CRYPTD buffer;
^
conftest.c:30:30: error: use of undeclared identifier 'buffer'
  crypt_r("passwd", "hash", &buffer);
                             ^
2 errors generated.
conftest.c: In function 'main':
conftest.c:29:1: error: unknown type name 'CRYPTD'
 CRYPTD buffer;
 ^
conftest.c:30:3: warning: passing argument 3 of 'crypt_r' from incompatible pointer type [enabled by default]
   crypt_r("passwd", "hash", &buffer);
   ^
In file included from conftest.c:25:0:
/usr/include/crypt.h:60:14: note: expected 'struct crypt_data * __restrict__' but argument is of type 'int *'
 extern char *crypt_r (const char *__key, const char *__salt,
              ^
configure:24149: $? = 1
configure: failed program was:
| /* confdefs.h */
| #define PACKAGE_NAME ""
| #define PACKAGE_TARNAME ""
| #define PACKAGE_VERSION ""
| #define PACKAGE_STRING ""
| #define PACKAGE_BUGREPORT ""
| #define PACKAGE_URL ""
| #define STDC_HEADERS 1
| #define HAVE_SYS_TYPES_H 1
| #define HAVE_SYS_STAT_H 1
| #define HAVE_STDLIB_H 1
| #define HAVE_STRING_H 1
| #define HAVE_MEMORY_H 1
| #define HAVE_STRINGS_H 1
| #define HAVE_INTTYPES_H 1
| #define HAVE_STDINT_H 1
| #define HAVE_UNISTD_H 1
| #define HAVE_ICONV_H 1
| #define HAVE_LANGINFO_H 1
| #define HAVE_NL_LANGINFO 1
| #define HAVE_CODESET 1
| #define APU_DSO_BUILD 1
| #define HAVE_CRYPT_R 1
| /* end confdefs.h.  */
| #include <crypt.h>
| int
| main ()
| {
| CRYPTD buffer;
|   crypt_r("passwd", "hash", &buffer);
|   ;
|   return 0;
| }
configure:24164: /home/neo/workspace/basic-block-analyzer/basic-block-analyzer/ll-parser/scripts/ll-cc.py -c -g -O2 -pthread  -DLINUX -D_REENTRANT -D_GNU_SOURCE conftest.c >&5
emitting llvm-ir with the command  ['clang', '-c', '-g', '-O2', '-pthread', '-DLINUX', '-D_REENTRANT', '-D_GNU_SOURCE', 'conftest.c', '-emit-llvm']
configure:24164: $? = 0
configure:24173: result: struct_crypt_data
configure:24405: creating ./config.status

## ---------------------- ##
## Running config.status. ##
## ---------------------- ##

This file was extended by config.status, which was
generated by GNU Autoconf 2.67.  Invocation command line was

  CONFIG_FILES    = 
  CONFIG_HEADERS  = 
  CONFIG_LINKS    = 
  CONFIG_COMMANDS = 
  $ ./config.status 

on kestrel.cs.ucdavis.edu

config.status:942: creating Makefile
config.status:942: creating export_vars.sh
config.status:942: creating build/pkg/pkginfo
config.status:942: creating apr-util.pc
config.status:942: creating apu-1-config
config.status:942: creating include/private/apu_select_dbm.h
config.status:942: creating include/apr_ldap.h
config.status:942: creating include/apu.h
config.status:942: creating include/apu_want.h
config.status:942: creating test/Makefile
config.status:942: creating include/private/apu_config.h
config.status:1115: executing default commands

## ---------------- ##
## Cache variables. ##
## ---------------- ##

ac_cv_build=x86_64-unknown-linux-gnu
ac_cv_c_compiler_gnu=yes
ac_cv_define_CODESET=yes
ac_cv_env_CC_set=set
ac_cv_env_CC_value=/home/neo/workspace/basic-block-analyzer/basic-block-analyzer/ll-parser/scripts/ll-cc.py
ac_cv_env_CFLAGS_set=
ac_cv_env_CFLAGS_value=
ac_cv_env_CPPFLAGS_set=
ac_cv_env_CPPFLAGS_value=
ac_cv_env_CPP_set=
ac_cv_env_CPP_value=
ac_cv_env_LDFLAGS_set=
ac_cv_env_LDFLAGS_value=
ac_cv_env_LIBS_set=
ac_cv_env_LIBS_value=
ac_cv_env_build_alias_set=
ac_cv_env_build_alias_value=
ac_cv_env_host_alias_set=
ac_cv_env_host_alias_value=
ac_cv_env_target_alias_set=
ac_cv_env_target_alias_value=
ac_cv_func_crypt_r=yes
ac_cv_func_nl_langinfo=yes
ac_cv_header_freetds_sybdb_h=no
ac_cv_header_iconv_h=yes
ac_cv_header_inttypes_h=yes
ac_cv_header_langinfo_h=yes
ac_cv_header_libpq_fe_h=no
ac_cv_header_memory_h=yes
ac_cv_header_odbc_sql_h=no
ac_cv_header_postgresql_libpq_fe_h=no
ac_cv_header_sql_h=no
ac_cv_header_sqlite3_h=no
ac_cv_header_sqlite_h=no
ac_cv_header_stdc=yes
ac_cv_header_stdint_h=yes
ac_cv_header_stdlib_h=yes
ac_cv_header_string_h=yes
ac_cv_header_strings_h=yes
ac_cv_header_sybdb_h=no
ac_cv_header_sys_stat_h=yes
ac_cv_header_sys_types_h=yes
ac_cv_header_unistd_h=yes
ac_cv_host=x86_64-unknown-linux-gnu
ac_cv_mkdir_p=yes
ac_cv_objext=o
ac_cv_path_EGREP='/bin/grep -E'
ac_cv_path_GREP=/bin/grep
ac_cv_path_install='/usr/bin/install -c'
ac_cv_prog_CPP='/home/neo/workspace/basic-block-analyzer/basic-block-analyzer/ll-parser/scripts/ll-cc.py -E'
ac_cv_prog_ac_ct_CC=/home/neo/workspace/basic-block-analyzer/basic-block-analyzer/ll-parser/scripts/ll-cc.py
ac_cv_prog_cc_c89=
ac_cv_prog_cc_g=yes
ac_cv_search_crypt=-lcrypt
ac_cv_target=x86_64-unknown-linux-gnu
apr_cv_crypt_r_style=struct_crypt_data
apu_cv_aprdso=yes
apu_cv_expat_1011=no
apu_cv_expat_debian=no
apu_cv_expat_freebsd=no
apu_cv_expat_system=no
apu_cv_expat_usrlocal=no

## ----------------- ##
## Output variables. ##
## ----------------- ##

APRUTIL_DOTTED_VERSION='1.5.3'
APRUTIL_EXPORT_LIBS='/research-data/bitcode-farm/httpd/build/srclib/apr-util/xml/expat/libexpat.la'
APRUTIL_INCLUDES='-I/research-data/bitcode-farm/httpd/httpd-2.2.29/srclib/apr-util/xml/expat/lib'
APRUTIL_LDFLAGS=''
APRUTIL_LIBNAME='aprutil-${APRUTIL_MAJOR_VERSION}'
APRUTIL_LIBS='/research-data/bitcode-farm/httpd/build/srclib/apr-util/xml/expat/libexpat.la /research-data/bitcode-farm/httpd/build/srclib/apr/libapr-1.la -lrt -lcrypt -lpthread -ldl'
APRUTIL_MAJOR_VERSION='1'
APRUTIL_PRIV_INCLUDES='-I/research-data/bitcode-farm/httpd/build/srclib/apr-util/include -I/research-data/bitcode-farm/httpd/build/srclib/apr-util/include/private -I/research-data/bitcode-farm/httpd/httpd-2.2.29/srclib/apr-util/include/private -I/research-data/bitcode-farm/httpd/httpd-2.2.29/srclib/apr-util/include'
APR_BUILD_DIR='/research-data/bitcode-farm/httpd/build/srclib/apr/build'
APR_ICONV_DIR=''
APR_INCLUDES=' -I/research-data/bitcode-farm/httpd/build/srclib/apr/include -I/research-data/bitcode-farm/httpd/httpd-2.2.29/srclib/apr/include '
APR_LIBS=' /research-data/bitcode-farm/httpd/build/srclib/apr/libapr-1.la -lrt -lcrypt  -lpthread -ldl'
APR_XML_DIR='xml/expat'
APU_CONFIG_LOCATION='build'
APU_DSO_LIBDIR='${libdir}/apr-util-1'
APU_HAVE_MODULES='no'
APU_LTVERSION='-version-info 5:3:5'
APU_MODULES=''
CC='/home/neo/workspace/basic-block-analyzer/basic-block-analyzer/ll-parser/scripts/ll-cc.py'
CFLAGS='-g -O2 -pthread'
CPP='/home/neo/workspace/basic-block-analyzer/basic-block-analyzer/ll-parser/scripts/ll-cc.py -E'
CPPFLAGS=' -DLINUX -D_REENTRANT -D_GNU_SOURCE'
DEFS='-DHAVE_CONFIG_H'
ECHO_C=''
ECHO_N='-n'
ECHO_T=''
EGREP='/bin/grep -E'
EXEEXT=''
EXTRA_OBJECTS=''
GREP='/bin/grep'
INCLUDE_OUTPUTS='include /research-data/bitcode-farm/httpd/httpd-2.2.29/srclib/apr-util/build-outputs.mk'
INCLUDE_RULES='include /research-data/bitcode-farm/httpd/build/srclib/apr-util/build/rules.mk'
INSTALL_DATA='${INSTALL} -m 644'
INSTALL_PROGRAM='${INSTALL}'
INSTALL_SCRIPT='${INSTALL}'
LDADD_crypto_nss=''
LDADD_crypto_openssl=''
LDADD_dbd_freetds=''
LDADD_dbd_mysql=''
LDADD_dbd_odbc=''
LDADD_dbd_oracle=''
LDADD_dbd_pgsql=''
LDADD_dbd_sqlite2=''
LDADD_dbd_sqlite3=''
LDADD_dbm_db=''
LDADD_dbm_gdbm=''
LDADD_dbm_ndbm=''
LDADD_ldap=''
LDFLAGS=''
LIBOBJS=''
LIBS='-lcrypt '
LTLIBOBJS=''
LT_NO_INSTALL='-no-install'
MYSQL_CONFIG=''
OBJEXT='o'
ODBC_CONFIG=''
PACKAGE_BUGREPORT=''
PACKAGE_NAME=''
PACKAGE_STRING=''
PACKAGE_TARNAME=''
PACKAGE_URL=''
PACKAGE_VERSION=''
PATH_SEPARATOR=':'
PGSQL_CONFIG=''
PKG_CONFIG=''
SHELL='/bin/bash'
abs_builddir='/research-data/bitcode-farm/httpd/build/srclib/apr-util'
abs_srcdir='/research-data/bitcode-farm/httpd/httpd-2.2.29/srclib/apr-util'
ac_ct_CC='/home/neo/workspace/basic-block-analyzer/basic-block-analyzer/ll-parser/scripts/ll-cc.py'
apr_shlibpath_var='LD_LIBRARY_PATH'
apu_db_header='db.h'
apu_db_version='0'
apu_dbd_tests=''
apu_has_ldap='0'
apu_has_ldap_microsoft='0'
apu_has_ldap_mozilla='0'
apu_has_ldap_netscape='0'
apu_has_ldap_novell='0'
apu_has_ldap_openldap='0'
apu_has_ldap_other='0'
apu_has_ldap_solaris='0'
apu_has_ldap_sslinit='0'
apu_has_ldap_start_tls_s='0'
apu_has_ldap_tivoli='0'
apu_has_ldap_zos='0'
apu_has_ldapssl_add_trusted_cert='0'
apu_has_ldapssl_client_deinit='0'
apu_has_ldapssl_client_init='0'
apu_has_ldapssl_init='0'
apu_has_ldapssl_install_routines='0'
apu_have_crypto='0'
apu_have_db='0'
apu_have_freetds='0'
apu_have_gdbm='0'
apu_have_mysql='0'
apu_have_ndbm='0'
apu_have_nss='0'
apu_have_odbc='0'
apu_have_openssl='0'
apu_have_oracle='0'
apu_have_pgsql='0'
apu_have_sdbm='1'
apu_have_sqlite2='0'
apu_have_sqlite3='0'
apu_use_db='0'
apu_use_gdbm='0'
apu_use_ndbm='0'
apu_use_sdbm='1'
bindir='${prefix}/bin'
build='x86_64-unknown-linux-gnu'
build_alias=''
build_cpu='x86_64'
build_os='linux-gnu'
build_vendor='unknown'
datadir='${prefix}'
datarootdir='${prefix}/share'
docdir='${datarootdir}/doc/${PACKAGE}'
dvidir='${docdir}'
exec_prefix='/usr/local/apache2'
have_apr_iconv='0'
have_iconv='1'
host='x86_64-unknown-linux-gnu'
host_alias=''
host_cpu='x86_64'
host_os='linux-gnu'
host_vendor='unknown'
htmldir='${docdir}'
includedir='/usr/local/apache2/include'
infodir='${datarootdir}/info'
lber_h=''
ldap_h=''
ldap_ssl_h=''
lib_target='-rpath $(libdir) $(OBJECTS)'
libdir='${prefix}/lib'
libexecdir='${exec_prefix}/modules'
localedir='${datarootdir}/locale'
localstatedir='${prefix}'
mandir='${prefix}/man'
oldincludedir='/usr/include'
pdfdir='${docdir}'
prefix='/usr/local/apache2'
program_transform_name='s,x,x,'
psdir='${docdir}'
sbindir='${exec_prefix}/bin'
sharedstatedir='${prefix}/com'
so_ext='lo'
sysconfdir='${prefix}/conf'
target='x86_64-unknown-linux-gnu'
target_alias=''
target_cpu='x86_64'
target_os='linux-gnu'
target_vendor='unknown'
top_builddir='/research-data/bitcode-farm/httpd/build/srclib/apr-util'

## ----------- ##
## confdefs.h. ##
## ----------- ##

/* confdefs.h */
#define PACKAGE_NAME ""
#define PACKAGE_TARNAME ""
#define PACKAGE_VERSION ""
#define PACKAGE_STRING ""
#define PACKAGE_BUGREPORT ""
#define PACKAGE_URL ""
#define STDC_HEADERS 1
#define HAVE_SYS_TYPES_H 1
#define HAVE_SYS_STAT_H 1
#define HAVE_STDLIB_H 1
#define HAVE_STRING_H 1
#define HAVE_MEMORY_H 1
#define HAVE_STRINGS_H 1
#define HAVE_INTTYPES_H 1
#define HAVE_STDINT_H 1
#define HAVE_UNISTD_H 1
#define HAVE_ICONV_H 1
#define HAVE_LANGINFO_H 1
#define HAVE_NL_LANGINFO 1
#define HAVE_CODESET 1
#define APU_DSO_BUILD 1
#define HAVE_CRYPT_R 1
#define CRYPT_R_STRUCT_CRYPT_DATA 1
#define APU_DSO_LIBDIR "/usr/local/apache2/lib/apr-util-1"

configure: exit 0
