This file contains any messages produced by compilers while
running configure, to aid debugging if configure makes a mistake.

It was created by expat configure 1.95.7, which was
generated by GNU Autoconf 2.67.  Invocation command line was

  $ /research-data/bitcode-farm/httpd/httpd-2.2.29/srclib/apr-util/xml/expat/configure --disable-option-checking --disable-option-checking CC=/home/neo/workspace/basic-block-analyzer/basic-block-analyzer/ll-parser/scripts/ll-cc.py CXX=/home/neo/workspace/basic-block-analyzer/basic-block-analyzer/ll-parser/scripts/ll-cxx.py --cache-file=/dev/null --srcdir=/research-data/bitcode-farm/httpd/httpd-2.2.29/srclib/apr-util --with-apr=../apr --prefix=/usr/local/apache2 --exec-prefix=/usr/local/apache2 --libdir=${prefix}/lib --includedir=/usr/local/apache2/include --bindir=${prefix}/bin --cache-file=/dev/null --srcdir=/research-data/bitcode-farm/httpd/httpd-2.2.29/srclib/apr-util/xml/expat --prefix=/usr/local/apache2 --exec-prefix=/usr/local/apache2 --libdir=/usr/local/apache2/lib --includedir=/usr/local/apache2/include --bindir=/usr/local/apache2/bin

## --------- ##
## Platform. ##
## --------- ##

hostname = kestrel.cs.ucdavis.edu
uname -m = x86_64
uname -r = 3.13.0-45-generic
uname -s = Linux
uname -v = #74-Ubuntu SMP Tue Jan 13 19:36:28 UTC 2015

/usr/bin/uname -p = unknown
/bin/uname -X     = unknown

/bin/arch              = unknown
/usr/bin/arch -k       = unknown
/usr/convex/getsysinfo = unknown
/usr/bin/hostinfo      = unknown
/bin/machine           = unknown
/usr/bin/oslevel       = unknown
/bin/universe          = unknown

PATH: /usr/local/sbin
PATH: /usr/local/bin
PATH: /usr/sbin
PATH: /usr/bin
PATH: /sbin
PATH: /bin
PATH: /usr/games
PATH: /usr/local/games


## ----------- ##
## Core tests. ##
## ----------- ##

configure:3087: checking build system type
configure:3101: result: x86_64-unknown-linux-gnu
configure:3121: checking host system type
configure:3134: result: x86_64-unknown-linux-gnu
configure:3154: checking target system type
configure:3167: result: x86_64-unknown-linux-gnu
configure:3324: checking for gcc
configure:3351: result: /home/neo/workspace/basic-block-analyzer/basic-block-analyzer/ll-parser/scripts/ll-cc.py
configure:3580: checking for C compiler version
configure:3589: /home/neo/workspace/basic-block-analyzer/basic-block-analyzer/ll-parser/scripts/ll-cc.py --version >&5
gcc (Ubuntu 4.8.2-19ubuntu1) 4.8.2
Copyright (C) 2013 Free Software Foundation, Inc.
This is free software; see the source for copying conditions.  There is NO
warranty; not even for MERCHANTABILITY or FITNESS FOR A PARTICULAR PURPOSE.

configure:3600: $? = 0
configure:3589: /home/neo/workspace/basic-block-analyzer/basic-block-analyzer/ll-parser/scripts/ll-cc.py -v >&5
Using built-in specs.
COLLECT_GCC=gcc
COLLECT_LTO_WRAPPER=/usr/lib/gcc/x86_64-linux-gnu/4.8/lto-wrapper
Target: x86_64-linux-gnu
Configured with: ../src/configure -v --with-pkgversion='Ubuntu 4.8.2-19ubuntu1' --with-bugurl=file:///usr/share/doc/gcc-4.8/README.Bugs --enable-languages=c,c++,java,go,d,fortran,objc,obj-c++ --prefix=/usr --program-suffix=-4.8 --enable-shared --enable-linker-build-id --libexecdir=/usr/lib --without-included-gettext --enable-threads=posix --with-gxx-include-dir=/usr/include/c++/4.8 --libdir=/usr/lib --enable-nls --with-sysroot=/ --enable-clocale=gnu --enable-libstdcxx-debug --enable-libstdcxx-time=yes --enable-gnu-unique-object --disable-libmudflap --enable-plugin --with-system-zlib --disable-browser-plugin --enable-java-awt=gtk --enable-gtk-cairo --with-java-home=/usr/lib/jvm/java-1.5.0-gcj-4.8-amd64/jre --enable-java-home --with-jvm-root-dir=/usr/lib/jvm/java-1.5.0-gcj-4.8-amd64 --with-jvm-jar-dir=/usr/lib/jvm-exports/java-1.5.0-gcj-4.8-amd64 --with-arch-directory=amd64 --with-ecj-jar=/usr/share/java/eclipse-ecj.jar --enable-objc-gc --enable-multiarch --disable-werror --with-arch-32=i686 --with-abi=m64 --with-multilib-list=m32,m64,mx32 --with-tune=generic --enable-checking=release --build=x86_64-linux-gnu --host=x86_64-linux-gnu --target=x86_64-linux-gnu
Thread model: posix
gcc version 4.8.2 (Ubuntu 4.8.2-19ubuntu1) 
configure:3600: $? = 0
configure:3589: /home/neo/workspace/basic-block-analyzer/basic-block-analyzer/ll-parser/scripts/ll-cc.py -V >&5
gcc: error: unrecognized command line option '-V'
gcc: fatal error: no input files
compilation terminated.
configure:3600: $? = 4
configure:3589: /home/neo/workspace/basic-block-analyzer/basic-block-analyzer/ll-parser/scripts/ll-cc.py -qversion >&5
gcc: error: unrecognized command line option '-qversion'
gcc: fatal error: no input files
compilation terminated.
configure:3600: $? = 4
configure:3620: checking whether the C compiler works
configure:3642: /home/neo/workspace/basic-block-analyzer/basic-block-analyzer/ll-parser/scripts/ll-cc.py    conftest.c  >&5
configure:3646: $? = 0
configure:3694: result: yes
configure:3697: checking for C compiler default output file name
configure:3699: result: a.out
configure:3705: checking for suffix of executables
configure:3712: /home/neo/workspace/basic-block-analyzer/basic-block-analyzer/ll-parser/scripts/ll-cc.py -o conftest    conftest.c  >&5
configure:3716: $? = 0
configure:3738: result: 
configure:3760: checking whether we are cross compiling
configure:3768: /home/neo/workspace/basic-block-analyzer/basic-block-analyzer/ll-parser/scripts/ll-cc.py -o conftest    conftest.c  >&5
configure:3772: $? = 0
configure:3779: ./conftest
configure:3783: $? = 0
configure:3798: result: no
configure:3803: checking for suffix of object files
configure:3825: /home/neo/workspace/basic-block-analyzer/basic-block-analyzer/ll-parser/scripts/ll-cc.py -c   conftest.c >&5
emitting llvm-ir with the command  ['clang', '-c', 'conftest.c', '-emit-llvm']
configure:3829: $? = 0
configure:3850: result: o
configure:3854: checking whether we are using the GNU C compiler
configure:3873: /home/neo/workspace/basic-block-analyzer/basic-block-analyzer/ll-parser/scripts/ll-cc.py -c   conftest.c >&5
emitting llvm-ir with the command  ['clang', '-c', 'conftest.c', '-emit-llvm']
configure:3873: $? = 0
configure:3882: result: yes
configure:3891: checking whether /home/neo/workspace/basic-block-analyzer/basic-block-analyzer/ll-parser/scripts/ll-cc.py accepts -g
configure:3911: /home/neo/workspace/basic-block-analyzer/basic-block-analyzer/ll-parser/scripts/ll-cc.py -c -g  conftest.c >&5
emitting llvm-ir with the command  ['clang', '-c', '-g', 'conftest.c', '-emit-llvm']
configure:3911: $? = 0
configure:3952: result: yes
configure:3969: checking for /home/neo/workspace/basic-block-analyzer/basic-block-analyzer/ll-parser/scripts/ll-cc.py option to accept ISO C89
configure:4033: /home/neo/workspace/basic-block-analyzer/basic-block-analyzer/ll-parser/scripts/ll-cc.py  -c -g -O2  conftest.c >&5
emitting llvm-ir with the command  ['clang', '-c', '-g', '-O2', 'conftest.c', '-emit-llvm']
configure:4033: $? = 0
configure:4046: result: none needed
configure:4066: checking for a sed that does not truncate output
configure:4122: result: /bin/sed
configure:4125: checking for grep that handles long lines and -e
configure:4183: result: /bin/grep
configure:4188: checking for egrep
configure:4250: result: /bin/grep -E
configure:4266: checking for ld used by /home/neo/workspace/basic-block-analyzer/basic-block-analyzer/ll-parser/scripts/ll-cc.py
configure:4333: result: /usr/bin/ld
configure:4340: checking if the linker (/usr/bin/ld) is GNU ld
configure:4355: result: yes
configure:4360: checking for /usr/bin/ld option to reload object files
configure:4367: result: -r
configure:4385: checking for BSD-compatible nm
configure:4434: result: /usr/bin/nm -B
configure:4438: checking whether ln -s works
configure:4442: result: yes
configure:4449: checking how to recognize dependent libraries
configure:4635: result: pass_all
configure:4724: /home/neo/workspace/basic-block-analyzer/basic-block-analyzer/ll-parser/scripts/ll-cc.py -c -g -O2  conftest.c >&5
emitting llvm-ir with the command  ['clang', '-c', '-g', '-O2', 'conftest.c', '-emit-llvm']
configure:4727: $? = 0
configure:5133: checking how to run the C preprocessor
configure:5164: /home/neo/workspace/basic-block-analyzer/basic-block-analyzer/ll-parser/scripts/ll-cc.py -E  conftest.c
configure:5164: $? = 0
configure:5178: /home/neo/workspace/basic-block-analyzer/basic-block-analyzer/ll-parser/scripts/ll-cc.py -E  conftest.c
conftest.c:9:28: fatal error: ac_nonexistent.h: No such file or directory
 #include <ac_nonexistent.h>
                            ^
compilation terminated.
configure:5178: $? = 1
configure: failed program was:
| /* confdefs.h */
| #define PACKAGE_NAME "expat"
| #define PACKAGE_TARNAME "expat"
| #define PACKAGE_VERSION "1.95.7"
| #define PACKAGE_STRING "expat 1.95.7"
| #define PACKAGE_BUGREPORT "expat-bugs@mail.libexpat.org"
| #define PACKAGE_URL ""
| /* end confdefs.h.  */
| #include <ac_nonexistent.h>
configure:5203: result: /home/neo/workspace/basic-block-analyzer/basic-block-analyzer/ll-parser/scripts/ll-cc.py -E
configure:5223: /home/neo/workspace/basic-block-analyzer/basic-block-analyzer/ll-parser/scripts/ll-cc.py -E  conftest.c
configure:5223: $? = 0
configure:5237: /home/neo/workspace/basic-block-analyzer/basic-block-analyzer/ll-parser/scripts/ll-cc.py -E  conftest.c
conftest.c:9:28: fatal error: ac_nonexistent.h: No such file or directory
 #include <ac_nonexistent.h>
                            ^
compilation terminated.
configure:5237: $? = 1
configure: failed program was:
| /* confdefs.h */
| #define PACKAGE_NAME "expat"
| #define PACKAGE_TARNAME "expat"
| #define PACKAGE_VERSION "1.95.7"
| #define PACKAGE_STRING "expat 1.95.7"
| #define PACKAGE_BUGREPORT "expat-bugs@mail.libexpat.org"
| #define PACKAGE_URL ""
| /* end confdefs.h.  */
| #include <ac_nonexistent.h>
configure:5266: checking for ANSI C header files
configure:5286: /home/neo/workspace/basic-block-analyzer/basic-block-analyzer/ll-parser/scripts/ll-cc.py -c -g -O2  conftest.c >&5
emitting llvm-ir with the command  ['clang', '-c', '-g', '-O2', 'conftest.c', '-emit-llvm']
configure:5286: $? = 0
configure:5359: /home/neo/workspace/basic-block-analyzer/basic-block-analyzer/ll-parser/scripts/ll-cc.py -o conftest -g -O2   conftest.c  >&5
configure:5359: $? = 0
configure:5359: ./conftest
configure:5359: $? = 0
configure:5370: result: yes
configure:5383: checking for sys/types.h
configure:5383: /home/neo/workspace/basic-block-analyzer/basic-block-analyzer/ll-parser/scripts/ll-cc.py -c -g -O2  conftest.c >&5
emitting llvm-ir with the command  ['clang', '-c', '-g', '-O2', 'conftest.c', '-emit-llvm']
configure:5383: $? = 0
configure:5383: result: yes
configure:5383: checking for sys/stat.h
configure:5383: /home/neo/workspace/basic-block-analyzer/basic-block-analyzer/ll-parser/scripts/ll-cc.py -c -g -O2  conftest.c >&5
emitting llvm-ir with the command  ['clang', '-c', '-g', '-O2', 'conftest.c', '-emit-llvm']
configure:5383: $? = 0
configure:5383: result: yes
configure:5383: checking for stdlib.h
configure:5383: /home/neo/workspace/basic-block-analyzer/basic-block-analyzer/ll-parser/scripts/ll-cc.py -c -g -O2  conftest.c >&5
emitting llvm-ir with the command  ['clang', '-c', '-g', '-O2', 'conftest.c', '-emit-llvm']
configure:5383: $? = 0
configure:5383: result: yes
configure:5383: checking for string.h
configure:5383: /home/neo/workspace/basic-block-analyzer/basic-block-analyzer/ll-parser/scripts/ll-cc.py -c -g -O2  conftest.c >&5
emitting llvm-ir with the command  ['clang', '-c', '-g', '-O2', 'conftest.c', '-emit-llvm']
configure:5383: $? = 0
configure:5383: result: yes
configure:5383: checking for memory.h
configure:5383: /home/neo/workspace/basic-block-analyzer/basic-block-analyzer/ll-parser/scripts/ll-cc.py -c -g -O2  conftest.c >&5
emitting llvm-ir with the command  ['clang', '-c', '-g', '-O2', 'conftest.c', '-emit-llvm']
configure:5383: $? = 0
configure:5383: result: yes
configure:5383: checking for strings.h
configure:5383: /home/neo/workspace/basic-block-analyzer/basic-block-analyzer/ll-parser/scripts/ll-cc.py -c -g -O2  conftest.c >&5
emitting llvm-ir with the command  ['clang', '-c', '-g', '-O2', 'conftest.c', '-emit-llvm']
configure:5383: $? = 0
configure:5383: result: yes
configure:5383: checking for inttypes.h
configure:5383: /home/neo/workspace/basic-block-analyzer/basic-block-analyzer/ll-parser/scripts/ll-cc.py -c -g -O2  conftest.c >&5
emitting llvm-ir with the command  ['clang', '-c', '-g', '-O2', 'conftest.c', '-emit-llvm']
configure:5383: $? = 0
configure:5383: result: yes
configure:5383: checking for stdint.h
configure:5383: /home/neo/workspace/basic-block-analyzer/basic-block-analyzer/ll-parser/scripts/ll-cc.py -c -g -O2  conftest.c >&5
emitting llvm-ir with the command  ['clang', '-c', '-g', '-O2', 'conftest.c', '-emit-llvm']
configure:5383: $? = 0
configure:5383: result: yes
configure:5383: checking for unistd.h
configure:5383: /home/neo/workspace/basic-block-analyzer/basic-block-analyzer/ll-parser/scripts/ll-cc.py -c -g -O2  conftest.c >&5
emitting llvm-ir with the command  ['clang', '-c', '-g', '-O2', 'conftest.c', '-emit-llvm']
configure:5383: $? = 0
configure:5383: result: yes
configure:5397: checking dlfcn.h usability
configure:5397: /home/neo/workspace/basic-block-analyzer/basic-block-analyzer/ll-parser/scripts/ll-cc.py -c -g -O2  conftest.c >&5
emitting llvm-ir with the command  ['clang', '-c', '-g', '-O2', 'conftest.c', '-emit-llvm']
configure:5397: $? = 0
configure:5397: result: yes
configure:5397: checking dlfcn.h presence
configure:5397: /home/neo/workspace/basic-block-analyzer/basic-block-analyzer/ll-parser/scripts/ll-cc.py -E  conftest.c
configure:5397: $? = 0
configure:5397: result: yes
configure:5397: checking for dlfcn.h
configure:5397: result: yes
configure:5519: checking for C++ compiler version
configure:5528: /home/neo/workspace/basic-block-analyzer/basic-block-analyzer/ll-parser/scripts/ll-cxx.py --version >&5
g++ (Ubuntu 4.8.2-19ubuntu1) 4.8.2
Copyright (C) 2013 Free Software Foundation, Inc.
This is free software; see the source for copying conditions.  There is NO
warranty; not even for MERCHANTABILITY or FITNESS FOR A PARTICULAR PURPOSE.

configure:5539: $? = 0
configure:5528: /home/neo/workspace/basic-block-analyzer/basic-block-analyzer/ll-parser/scripts/ll-cxx.py -v >&5
Using built-in specs.
COLLECT_GCC=g++
COLLECT_LTO_WRAPPER=/usr/lib/gcc/x86_64-linux-gnu/4.8/lto-wrapper
Target: x86_64-linux-gnu
Configured with: ../src/configure -v --with-pkgversion='Ubuntu 4.8.2-19ubuntu1' --with-bugurl=file:///usr/share/doc/gcc-4.8/README.Bugs --enable-languages=c,c++,java,go,d,fortran,objc,obj-c++ --prefix=/usr --program-suffix=-4.8 --enable-shared --enable-linker-build-id --libexecdir=/usr/lib --without-included-gettext --enable-threads=posix --with-gxx-include-dir=/usr/include/c++/4.8 --libdir=/usr/lib --enable-nls --with-sysroot=/ --enable-clocale=gnu --enable-libstdcxx-debug --enable-libstdcxx-time=yes --enable-gnu-unique-object --disable-libmudflap --enable-plugin --with-system-zlib --disable-browser-plugin --enable-java-awt=gtk --enable-gtk-cairo --with-java-home=/usr/lib/jvm/java-1.5.0-gcj-4.8-amd64/jre --enable-java-home --with-jvm-root-dir=/usr/lib/jvm/java-1.5.0-gcj-4.8-amd64 --with-jvm-jar-dir=/usr/lib/jvm-exports/java-1.5.0-gcj-4.8-amd64 --with-arch-directory=amd64 --with-ecj-jar=/usr/share/java/eclipse-ecj.jar --enable-objc-gc --enable-multiarch --disable-werror --with-arch-32=i686 --with-abi=m64 --with-multilib-list=m32,m64,mx32 --with-tune=generic --enable-checking=release --build=x86_64-linux-gnu --host=x86_64-linux-gnu --target=x86_64-linux-gnu
Thread model: posix
gcc version 4.8.2 (Ubuntu 4.8.2-19ubuntu1) 
configure:5539: $? = 0
configure:5528: /home/neo/workspace/basic-block-analyzer/basic-block-analyzer/ll-parser/scripts/ll-cxx.py -V >&5
g++: error: unrecognized command line option '-V'
g++: fatal error: no input files
compilation terminated.
configure:5539: $? = 4
configure:5528: /home/neo/workspace/basic-block-analyzer/basic-block-analyzer/ll-parser/scripts/ll-cxx.py -qversion >&5
g++: error: unrecognized command line option '-qversion'
g++: fatal error: no input files
compilation terminated.
configure:5539: $? = 4
configure:5543: checking whether we are using the GNU C++ compiler
configure:5562: /home/neo/workspace/basic-block-analyzer/basic-block-analyzer/ll-parser/scripts/ll-cxx.py -c   conftest.cpp >&5
emitting llvm-ir with the command  ['clang++', '-c', 'conftest.cpp', '-emit-llvm']
configure:5562: $? = 0
configure:5571: result: yes
configure:5580: checking whether /home/neo/workspace/basic-block-analyzer/basic-block-analyzer/ll-parser/scripts/ll-cxx.py accepts -g
configure:5600: /home/neo/workspace/basic-block-analyzer/basic-block-analyzer/ll-parser/scripts/ll-cxx.py -c -g  conftest.cpp >&5
emitting llvm-ir with the command  ['clang++', '-c', '-g', 'conftest.cpp', '-emit-llvm']
configure:5600: $? = 0
configure:5641: result: yes
configure:5674: checking how to run the C++ preprocessor
configure:5701: /home/neo/workspace/basic-block-analyzer/basic-block-analyzer/ll-parser/scripts/ll-cxx.py -E  conftest.cpp
configure:5701: $? = 0
configure:5715: /home/neo/workspace/basic-block-analyzer/basic-block-analyzer/ll-parser/scripts/ll-cxx.py -E  conftest.cpp
conftest.cpp:20:28: fatal error: ac_nonexistent.h: No such file or directory
 #include <ac_nonexistent.h>
                            ^
compilation terminated.
configure:5715: $? = 1
configure: failed program was:
| /* confdefs.h */
| #define PACKAGE_NAME "expat"
| #define PACKAGE_TARNAME "expat"
| #define PACKAGE_VERSION "1.95.7"
| #define PACKAGE_STRING "expat 1.95.7"
| #define PACKAGE_BUGREPORT "expat-bugs@mail.libexpat.org"
| #define PACKAGE_URL ""
| #define STDC_HEADERS 1
| #define HAVE_SYS_TYPES_H 1
| #define HAVE_SYS_STAT_H 1
| #define HAVE_STDLIB_H 1
| #define HAVE_STRING_H 1
| #define HAVE_MEMORY_H 1
| #define HAVE_STRINGS_H 1
| #define HAVE_INTTYPES_H 1
| #define HAVE_STDINT_H 1
| #define HAVE_UNISTD_H 1
| #define HAVE_DLFCN_H 1
| /* end confdefs.h.  */
| #include <ac_nonexistent.h>
configure:5740: result: /home/neo/workspace/basic-block-analyzer/basic-block-analyzer/ll-parser/scripts/ll-cxx.py -E
configure:5760: /home/neo/workspace/basic-block-analyzer/basic-block-analyzer/ll-parser/scripts/ll-cxx.py -E  conftest.cpp
configure:5760: $? = 0
configure:5774: /home/neo/workspace/basic-block-analyzer/basic-block-analyzer/ll-parser/scripts/ll-cxx.py -E  conftest.cpp
conftest.cpp:20:28: fatal error: ac_nonexistent.h: No such file or directory
 #include <ac_nonexistent.h>
                            ^
compilation terminated.
configure:5774: $? = 1
configure: failed program was:
| /* confdefs.h */
| #define PACKAGE_NAME "expat"
| #define PACKAGE_TARNAME "expat"
| #define PACKAGE_VERSION "1.95.7"
| #define PACKAGE_STRING "expat 1.95.7"
| #define PACKAGE_BUGREPORT "expat-bugs@mail.libexpat.org"
| #define PACKAGE_URL ""
| #define STDC_HEADERS 1
| #define HAVE_SYS_TYPES_H 1
| #define HAVE_SYS_STAT_H 1
| #define HAVE_STDLIB_H 1
| #define HAVE_STRING_H 1
| #define HAVE_MEMORY_H 1
| #define HAVE_STRINGS_H 1
| #define HAVE_INTTYPES_H 1
| #define HAVE_STDINT_H 1
| #define HAVE_UNISTD_H 1
| #define HAVE_DLFCN_H 1
| /* end confdefs.h.  */
| #include <ac_nonexistent.h>
configure:5858: checking for g77
configure:5888: result: no
configure:5858: checking for xlf
configure:5888: result: no
configure:5858: checking for f77
configure:5888: result: no
configure:5858: checking for frt
configure:5888: result: no
configure:5858: checking for pgf77
configure:5888: result: no
configure:5858: checking for cf77
configure:5888: result: no
configure:5858: checking for fort77
configure:5888: result: no
configure:5858: checking for fl32
configure:5888: result: no
configure:5858: checking for af77
configure:5888: result: no
configure:5858: checking for xlf90
configure:5888: result: no
configure:5858: checking for f90
configure:5888: result: no
configure:5858: checking for pgf90
configure:5888: result: no
configure:5858: checking for pghpf
configure:5888: result: no
configure:5858: checking for epcf90
configure:5888: result: no
configure:5858: checking for gfortran
configure:5888: result: no
configure:5858: checking for g95
configure:5888: result: no
configure:5858: checking for xlf95
configure:5888: result: no
configure:5858: checking for f95
configure:5888: result: no
configure:5858: checking for fort
configure:5888: result: no
configure:5858: checking for ifort
configure:5888: result: no
configure:5858: checking for ifc
configure:5888: result: no
configure:5858: checking for efc
configure:5888: result: no
configure:5858: checking for pgfortran
configure:5888: result: no
configure:5858: checking for pgf95
configure:5888: result: no
configure:5858: checking for lf95
configure:5888: result: no
configure:5858: checking for ftn
configure:5888: result: no
configure:5911: checking for Fortran 77 compiler version
configure:5920:  --version >&5
/research-data/bitcode-farm/httpd/httpd-2.2.29/srclib/apr-util/xml/expat/configure: line 5922: --version: command not found
configure:5931: $? = 127
configure:5920:  -v >&5
/research-data/bitcode-farm/httpd/httpd-2.2.29/srclib/apr-util/xml/expat/configure: line 5922: -v: command not found
configure:5931: $? = 127
configure:5920:  -V >&5
/research-data/bitcode-farm/httpd/httpd-2.2.29/srclib/apr-util/xml/expat/configure: line 5922: -V: command not found
configure:5931: $? = 127
configure:5920:  -qversion >&5
/research-data/bitcode-farm/httpd/httpd-2.2.29/srclib/apr-util/xml/expat/configure: line 5922: -qversion: command not found
configure:5931: $? = 127
configure:5940: checking whether we are using the GNU Fortran 77 compiler
configure:5953:  -c  conftest.F >&5
/research-data/bitcode-farm/httpd/httpd-2.2.29/srclib/apr-util/xml/expat/configure: line 2076: -c: command not found
configure:5953: $? = 127
configure: failed program was:
|       program main
| #ifndef __GNUC__
|        choke me
| #endif
| 
|       end
configure:5962: result: no
configure:5968: checking whether  accepts -g
configure:5979:  -c -g conftest.f >&5
/research-data/bitcode-farm/httpd/httpd-2.2.29/srclib/apr-util/xml/expat/configure: line 2076: -c: command not found
configure:5979: $? = 127
configure: failed program was:
|       program main
| 
|       end
configure:5987: result: no
configure:6020: checking the maximum length of command line arguments
configure:6132: result: 1572864
configure:6144: checking command to parse /usr/bin/nm -B output from /home/neo/workspace/basic-block-analyzer/basic-block-analyzer/ll-parser/scripts/ll-cc.py object
configure:6249: /home/neo/workspace/basic-block-analyzer/basic-block-analyzer/ll-parser/scripts/ll-cc.py -c -g -O2  conftest.c >&5
emitting llvm-ir with the command  ['clang', '-c', '-g', '-O2', 'conftest.c', '-emit-llvm']
configure:6252: $? = 0
configure:6256: /usr/bin/nm -B conftest.o \| sed -n -e 's/^.*[ 	]\([ABCDGIRSTW][ABCDGIRSTW]*\)[ 	][ 	]*\([_A-Za-z][_A-Za-z0-9]*\)$/\1 \2 \2/p' \> conftest.nm
configure:6259: $? = 0
configure:6311: /home/neo/workspace/basic-block-analyzer/basic-block-analyzer/ll-parser/scripts/ll-cc.py -o conftest -g -O2   conftest.c conftstm.o >&5
configure:6314: $? = 0
configure:6352: result: ok
configure:6356: checking for objdir
configure:6371: result: .libs
configure:6463: checking for ar
configure:6479: found /usr/bin/ar
configure:6490: result: ar
configure:6555: checking for ranlib
configure:6571: found /usr/bin/ranlib
configure:6582: result: ranlib
configure:6647: checking for strip
configure:6663: found /usr/bin/strip
configure:6674: result: strip
emitting llvm-ir with the command  ['clang', '-c', '-g', '-O2', 'conftest.c', '-emit-llvm']
configure:7239: checking if /home/neo/workspace/basic-block-analyzer/basic-block-analyzer/ll-parser/scripts/ll-cc.py supports -fno-rtti -fno-exceptions
configure:7257: /home/neo/workspace/basic-block-analyzer/basic-block-analyzer/ll-parser/scripts/ll-cc.py -c -g -O2  -fno-rtti -fno-exceptions conftest.c >&5
emitting llvm-ir with the command  ['clang', '-c', '-g', '-O2', '-fno-rtti', '-fno-exceptions', 'conftest.c', '-emit-llvm']
cc1: warning: command line option '-fno-rtti' is valid for C++/ObjC++ but not for C [enabled by default]
configure:7261: $? = 0
configure:7274: result: no
configure:7289: checking for /home/neo/workspace/basic-block-analyzer/basic-block-analyzer/ll-parser/scripts/ll-cc.py option to produce PIC
configure:7521: result: -fPIC
configure:7529: checking if /home/neo/workspace/basic-block-analyzer/basic-block-analyzer/ll-parser/scripts/ll-cc.py PIC flag -fPIC works
configure:7547: /home/neo/workspace/basic-block-analyzer/basic-block-analyzer/ll-parser/scripts/ll-cc.py -c -g -O2  -fPIC -DPIC conftest.c >&5
emitting llvm-ir with the command  ['clang', '-c', '-g', '-O2', '-fPIC', '-DPIC', 'conftest.c', '-emit-llvm']
configure:7551: $? = 0
configure:7564: result: yes
configure:7592: checking if /home/neo/workspace/basic-block-analyzer/basic-block-analyzer/ll-parser/scripts/ll-cc.py static flag -static works
configure:7620: result: yes
configure:7630: checking if /home/neo/workspace/basic-block-analyzer/basic-block-analyzer/ll-parser/scripts/ll-cc.py supports -c -o file.o
configure:7651: /home/neo/workspace/basic-block-analyzer/basic-block-analyzer/ll-parser/scripts/ll-cc.py -c -g -O2  -o out/conftest2.o conftest.c >&5
emitting llvm-ir with the command  ['clang', '-c', '-g', '-O2', 'conftest.c', '-emit-llvm']
configure:7655: $? = 0
configure:7677: result: yes
configure:7703: checking whether the /home/neo/workspace/basic-block-analyzer/basic-block-analyzer/ll-parser/scripts/ll-cc.py linker (/usr/bin/ld -m elf_x86_64) supports shared libraries
configure:8629: result: yes
configure:8650: checking whether -lc should be explicitly linked in
configure:8655: /home/neo/workspace/basic-block-analyzer/basic-block-analyzer/ll-parser/scripts/ll-cc.py -c -g -O2  conftest.c >&5
emitting llvm-ir with the command  ['clang', '-c', '-g', '-O2', 'conftest.c', '-emit-llvm']
configure:8658: $? = 0
configure:8673: /home/neo/workspace/basic-block-analyzer/basic-block-analyzer/ll-parser/scripts/ll-cc.py -shared conftest.o  -v -Wl,-soname -Wl,conftest -o conftest 2\>\&1 \| grep  -lc  \>/dev/null 2\>\&1
configure:8676: $? = 0
configure:8688: result: no
configure:8696: checking dynamic linker characteristics
configure:9298: result: GNU/Linux ld.so
configure:9322: checking how to hardcode library paths into programs
configure:9347: result: immediate
configure:9361: checking whether stripping libraries is possible
configure:9366: result: yes
configure:9883: checking if libtool supports shared libraries
configure:9885: result: yes
configure:9888: checking whether to build shared libraries
configure:9909: result: yes
configure:9912: checking whether to build static libraries
configure:9916: result: yes
configure:10010: creating libtool
emitting llvm-ir with the command  ['clang++', '-c', '-g', '-O2', 'conftest.cpp', '-emit-llvm']
configure:10599: checking for ld used by /home/neo/workspace/basic-block-analyzer/basic-block-analyzer/ll-parser/scripts/ll-cxx.py
configure:10666: result: /usr/bin/ld -m elf_x86_64
configure:10673: checking if the linker (/usr/bin/ld -m elf_x86_64) is GNU ld
configure:10688: result: yes
configure:10739: checking whether the /home/neo/workspace/basic-block-analyzer/basic-block-analyzer/ll-parser/scripts/ll-cxx.py linker (/usr/bin/ld -m elf_x86_64) supports shared libraries
configure:11631: result: yes
configure:11652: /home/neo/workspace/basic-block-analyzer/basic-block-analyzer/ll-parser/scripts/ll-cxx.py -c -g -O2  conftest.cpp >&5
emitting llvm-ir with the command  ['clang++', '-c', '-g', '-O2', 'conftest.cpp', '-emit-llvm']
configure:11655: $? = 0
configure:11811: checking for /home/neo/workspace/basic-block-analyzer/basic-block-analyzer/ll-parser/scripts/ll-cxx.py option to produce PIC
configure:12095: result: -fPIC
configure:12103: checking if /home/neo/workspace/basic-block-analyzer/basic-block-analyzer/ll-parser/scripts/ll-cxx.py PIC flag -fPIC works
configure:12121: /home/neo/workspace/basic-block-analyzer/basic-block-analyzer/ll-parser/scripts/ll-cxx.py -c -g -O2  -fPIC -DPIC conftest.cpp >&5
emitting llvm-ir with the command  ['clang++', '-c', '-g', '-O2', '-fPIC', '-DPIC', 'conftest.cpp', '-emit-llvm']
configure:12125: $? = 0
configure:12138: result: yes
configure:12166: checking if /home/neo/workspace/basic-block-analyzer/basic-block-analyzer/ll-parser/scripts/ll-cxx.py static flag -static works
configure:12194: result: yes
configure:12204: checking if /home/neo/workspace/basic-block-analyzer/basic-block-analyzer/ll-parser/scripts/ll-cxx.py supports -c -o file.o
configure:12225: /home/neo/workspace/basic-block-analyzer/basic-block-analyzer/ll-parser/scripts/ll-cxx.py -c -g -O2  -o out/conftest2.o conftest.cpp >&5
emitting llvm-ir with the command  ['clang++', '-c', '-g', '-O2', 'conftest.cpp', '-emit-llvm']
configure:12229: $? = 0
configure:12251: result: yes
configure:12277: checking whether the /home/neo/workspace/basic-block-analyzer/basic-block-analyzer/ll-parser/scripts/ll-cxx.py linker (/usr/bin/ld -m elf_x86_64) supports shared libraries
configure:12303: result: yes
configure:12370: checking dynamic linker characteristics
configure:12920: result: GNU/Linux ld.so
configure:12944: checking how to hardcode library paths into programs
configure:12969: result: immediate
configure:19145: checking for gcc
configure:19172: result: /home/neo/workspace/basic-block-analyzer/basic-block-analyzer/ll-parser/scripts/ll-cc.py
configure:19401: checking for C compiler version
configure:19410: /home/neo/workspace/basic-block-analyzer/basic-block-analyzer/ll-parser/scripts/ll-cc.py --version >&5
gcc (Ubuntu 4.8.2-19ubuntu1) 4.8.2
Copyright (C) 2013 Free Software Foundation, Inc.
This is free software; see the source for copying conditions.  There is NO
warranty; not even for MERCHANTABILITY or FITNESS FOR A PARTICULAR PURPOSE.

configure:19421: $? = 0
configure:19410: /home/neo/workspace/basic-block-analyzer/basic-block-analyzer/ll-parser/scripts/ll-cc.py -v >&5
Using built-in specs.
COLLECT_GCC=gcc
COLLECT_LTO_WRAPPER=/usr/lib/gcc/x86_64-linux-gnu/4.8/lto-wrapper
Target: x86_64-linux-gnu
Configured with: ../src/configure -v --with-pkgversion='Ubuntu 4.8.2-19ubuntu1' --with-bugurl=file:///usr/share/doc/gcc-4.8/README.Bugs --enable-languages=c,c++,java,go,d,fortran,objc,obj-c++ --prefix=/usr --program-suffix=-4.8 --enable-shared --enable-linker-build-id --libexecdir=/usr/lib --without-included-gettext --enable-threads=posix --with-gxx-include-dir=/usr/include/c++/4.8 --libdir=/usr/lib --enable-nls --with-sysroot=/ --enable-clocale=gnu --enable-libstdcxx-debug --enable-libstdcxx-time=yes --enable-gnu-unique-object --disable-libmudflap --enable-plugin --with-system-zlib --disable-browser-plugin --enable-java-awt=gtk --enable-gtk-cairo --with-java-home=/usr/lib/jvm/java-1.5.0-gcj-4.8-amd64/jre --enable-java-home --with-jvm-root-dir=/usr/lib/jvm/java-1.5.0-gcj-4.8-amd64 --with-jvm-jar-dir=/usr/lib/jvm-exports/java-1.5.0-gcj-4.8-amd64 --with-arch-directory=amd64 --with-ecj-jar=/usr/share/java/eclipse-ecj.jar --enable-objc-gc --enable-multiarch --disable-werror --with-arch-32=i686 --with-abi=m64 --with-multilib-list=m32,m64,mx32 --with-tune=generic --enable-checking=release --build=x86_64-linux-gnu --host=x86_64-linux-gnu --target=x86_64-linux-gnu
Thread model: posix
gcc version 4.8.2 (Ubuntu 4.8.2-19ubuntu1) 
configure:19421: $? = 0
configure:19410: /home/neo/workspace/basic-block-analyzer/basic-block-analyzer/ll-parser/scripts/ll-cc.py -V >&5
gcc: error: unrecognized command line option '-V'
gcc: fatal error: no input files
compilation terminated.
configure:19421: $? = 4
configure:19410: /home/neo/workspace/basic-block-analyzer/basic-block-analyzer/ll-parser/scripts/ll-cc.py -qversion >&5
gcc: error: unrecognized command line option '-qversion'
gcc: fatal error: no input files
compilation terminated.
configure:19421: $? = 4
configure:19425: checking whether we are using the GNU C compiler
configure:19453: result: yes
configure:19462: checking whether /home/neo/workspace/basic-block-analyzer/basic-block-analyzer/ll-parser/scripts/ll-cc.py accepts -g
configure:19523: result: yes
configure:19540: checking for /home/neo/workspace/basic-block-analyzer/basic-block-analyzer/ll-parser/scripts/ll-cc.py option to accept ISO C89
configure:19617: result: none needed
configure:19651: checking for a BSD-compatible install
configure:19719: result: /usr/bin/install -c
configure:19731: checking for ANSI C header files
configure:19835: result: yes
configure:19845: checking whether byte ordering is bigendian
configure:19860: /home/neo/workspace/basic-block-analyzer/basic-block-analyzer/ll-parser/scripts/ll-cc.py -c -g -O2  conftest.c >&5
emitting llvm-ir with the command  ['clang', '-c', '-g', '-O2', 'conftest.c', '-emit-llvm']
conftest.c:22:9: error: unknown type name 'not'
               not a universal capable compiler
               ^
conftest.c:22:14: error: expected ';' after top level declarator
               not a universal capable compiler
                    ^
                    ;
2 errors generated.
conftest.c:22:9: error: unknown type name 'not'
         not a universal capable compiler
         ^
conftest.c:22:15: error: expected '=', ',', ';', 'asm' or '__attribute__' before 'universal'
         not a universal capable compiler
               ^
conftest.c:22:15: error: unknown type name 'universal'
configure:19860: $? = 1
configure: failed program was:
| /* confdefs.h */
| #define PACKAGE_NAME "expat"
| #define PACKAGE_TARNAME "expat"
| #define PACKAGE_VERSION "1.95.7"
| #define PACKAGE_STRING "expat 1.95.7"
| #define PACKAGE_BUGREPORT "expat-bugs@mail.libexpat.org"
| #define PACKAGE_URL ""
| #define STDC_HEADERS 1
| #define HAVE_SYS_TYPES_H 1
| #define HAVE_SYS_STAT_H 1
| #define HAVE_STDLIB_H 1
| #define HAVE_STRING_H 1
| #define HAVE_MEMORY_H 1
| #define HAVE_STRINGS_H 1
| #define HAVE_INTTYPES_H 1
| #define HAVE_STDINT_H 1
| #define HAVE_UNISTD_H 1
| #define HAVE_DLFCN_H 1
| #define STDC_HEADERS 1
| /* end confdefs.h.  */
| #ifndef __APPLE_CC__
| 	       not a universal capable compiler
| 	     #endif
| 	     typedef int dummy;
| 
configure:19905: /home/neo/workspace/basic-block-analyzer/basic-block-analyzer/ll-parser/scripts/ll-cc.py -c -g -O2  conftest.c >&5
emitting llvm-ir with the command  ['clang', '-c', '-g', '-O2', 'conftest.c', '-emit-llvm']
configure:19905: $? = 0
configure:19923: /home/neo/workspace/basic-block-analyzer/basic-block-analyzer/ll-parser/scripts/ll-cc.py -c -g -O2  conftest.c >&5
emitting llvm-ir with the command  ['clang', '-c', '-g', '-O2', 'conftest.c', '-emit-llvm']
conftest.c:28:4: error: use of undeclared identifier 'not'
                 not big endian
                 ^
1 error generated.
conftest.c: In function 'main':
conftest.c:28:4: error: unknown type name 'not'
    not big endian
    ^
conftest.c:28:12: error: expected '=', ',', ';', 'asm' or '__attribute__' before 'endian'
    not big endian
            ^
configure:19923: $? = 1
configure: failed program was:
| /* confdefs.h */
| #define PACKAGE_NAME "expat"
| #define PACKAGE_TARNAME "expat"
| #define PACKAGE_VERSION "1.95.7"
| #define PACKAGE_STRING "expat 1.95.7"
| #define PACKAGE_BUGREPORT "expat-bugs@mail.libexpat.org"
| #define PACKAGE_URL ""
| #define STDC_HEADERS 1
| #define HAVE_SYS_TYPES_H 1
| #define HAVE_SYS_STAT_H 1
| #define HAVE_STDLIB_H 1
| #define HAVE_STRING_H 1
| #define HAVE_MEMORY_H 1
| #define HAVE_STRINGS_H 1
| #define HAVE_INTTYPES_H 1
| #define HAVE_STDINT_H 1
| #define HAVE_UNISTD_H 1
| #define HAVE_DLFCN_H 1
| #define STDC_HEADERS 1
| /* end confdefs.h.  */
| #include <sys/types.h>
| 		#include <sys/param.h>
| 
| int
| main ()
| {
| #if BYTE_ORDER != BIG_ENDIAN
| 		 not big endian
| 		#endif
| 
|   ;
|   return 0;
| }
configure:20051: result: no
configure:20074: checking for an ANSI C-conforming const
configure:20139: /home/neo/workspace/basic-block-analyzer/basic-block-analyzer/ll-parser/scripts/ll-cc.py -c -g -O2  conftest.c >&5
emitting llvm-ir with the command  ['clang', '-c', '-g', '-O2', 'conftest.c', '-emit-llvm']
configure:20139: $? = 0
configure:20146: result: yes
configure:20154: checking for size_t
configure:20154: /home/neo/workspace/basic-block-analyzer/basic-block-analyzer/ll-parser/scripts/ll-cc.py -c -g -O2  conftest.c >&5
emitting llvm-ir with the command  ['clang', '-c', '-g', '-O2', 'conftest.c', '-emit-llvm']
configure:20154: $? = 0
configure:20154: /home/neo/workspace/basic-block-analyzer/basic-block-analyzer/ll-parser/scripts/ll-cc.py -c -g -O2  conftest.c >&5
emitting llvm-ir with the command  ['clang', '-c', '-g', '-O2', 'conftest.c', '-emit-llvm']
conftest.c:57:21: error: expected expression
if (sizeof ((size_t)))
                    ^
1 error generated.
conftest.c: In function 'main':
conftest.c:57:21: error: expected expression before ')' token
 if (sizeof ((size_t)))
                     ^
configure:20154: $? = 1
configure: failed program was:
| /* confdefs.h */
| #define PACKAGE_NAME "expat"
| #define PACKAGE_TARNAME "expat"
| #define PACKAGE_VERSION "1.95.7"
| #define PACKAGE_STRING "expat 1.95.7"
| #define PACKAGE_BUGREPORT "expat-bugs@mail.libexpat.org"
| #define PACKAGE_URL ""
| #define STDC_HEADERS 1
| #define HAVE_SYS_TYPES_H 1
| #define HAVE_SYS_STAT_H 1
| #define HAVE_STDLIB_H 1
| #define HAVE_STRING_H 1
| #define HAVE_MEMORY_H 1
| #define HAVE_STRINGS_H 1
| #define HAVE_INTTYPES_H 1
| #define HAVE_STDINT_H 1
| #define HAVE_UNISTD_H 1
| #define HAVE_DLFCN_H 1
| #define STDC_HEADERS 1
| /* end confdefs.h.  */
| #include <stdio.h>
| #ifdef HAVE_SYS_TYPES_H
| # include <sys/types.h>
| #endif
| #ifdef HAVE_SYS_STAT_H
| # include <sys/stat.h>
| #endif
| #ifdef STDC_HEADERS
| # include <stdlib.h>
| # include <stddef.h>
| #else
| # ifdef HAVE_STDLIB_H
| #  include <stdlib.h>
| # endif
| #endif
| #ifdef HAVE_STRING_H
| # if !defined STDC_HEADERS && defined HAVE_MEMORY_H
| #  include <memory.h>
| # endif
| # include <string.h>
| #endif
| #ifdef HAVE_STRINGS_H
| # include <strings.h>
| #endif
| #ifdef HAVE_INTTYPES_H
| # include <inttypes.h>
| #endif
| #ifdef HAVE_STDINT_H
| # include <stdint.h>
| #endif
| #ifdef HAVE_UNISTD_H
| # include <unistd.h>
| #endif
| int
| main ()
| {
| if (sizeof ((size_t)))
| 	    return 0;
|   ;
|   return 0;
| }
configure:20154: result: yes
configure:20168: checking for memmove
configure:20168: /home/neo/workspace/basic-block-analyzer/basic-block-analyzer/ll-parser/scripts/ll-cc.py -o conftest -g -O2   conftest.c  >&5
conftest.c:44:6: warning: conflicting types for built-in function 'memmove' [enabled by default]
 char memmove ();
      ^
configure:20168: $? = 0
configure:20168: result: yes
configure:20168: checking for bcopy
configure:20168: /home/neo/workspace/basic-block-analyzer/basic-block-analyzer/ll-parser/scripts/ll-cc.py -o conftest -g -O2   conftest.c  >&5
conftest.c:45:6: warning: conflicting types for built-in function 'bcopy' [enabled by default]
 char bcopy ();
      ^
configure:20168: $? = 0
configure:20168: result: yes
configure:20180: checking check.h usability
configure:20180: /home/neo/workspace/basic-block-analyzer/basic-block-analyzer/ll-parser/scripts/ll-cc.py -c -g -O2  conftest.c >&5
emitting llvm-ir with the command  ['clang', '-c', '-g', '-O2', 'conftest.c', '-emit-llvm']
conftest.c:56:10: fatal error: 'check.h' file not found
#include <check.h>
         ^
1 error generated.
conftest.c:56:19: fatal error: check.h: No such file or directory
 #include <check.h>
                   ^
compilation terminated.
configure:20180: $? = 1
configure: failed program was:
| /* confdefs.h */
| #define PACKAGE_NAME "expat"
| #define PACKAGE_TARNAME "expat"
| #define PACKAGE_VERSION "1.95.7"
| #define PACKAGE_STRING "expat 1.95.7"
| #define PACKAGE_BUGREPORT "expat-bugs@mail.libexpat.org"
| #define PACKAGE_URL ""
| #define STDC_HEADERS 1
| #define HAVE_SYS_TYPES_H 1
| #define HAVE_SYS_STAT_H 1
| #define HAVE_STDLIB_H 1
| #define HAVE_STRING_H 1
| #define HAVE_MEMORY_H 1
| #define HAVE_STRINGS_H 1
| #define HAVE_INTTYPES_H 1
| #define HAVE_STDINT_H 1
| #define HAVE_UNISTD_H 1
| #define HAVE_DLFCN_H 1
| #define STDC_HEADERS 1
| #define HAVE_MEMMOVE 1
| #define HAVE_BCOPY 1
| /* end confdefs.h.  */
| #include <stdio.h>
| #ifdef HAVE_SYS_TYPES_H
| # include <sys/types.h>
| #endif
| #ifdef HAVE_SYS_STAT_H
| # include <sys/stat.h>
| #endif
| #ifdef STDC_HEADERS
| # include <stdlib.h>
| # include <stddef.h>
| #else
| # ifdef HAVE_STDLIB_H
| #  include <stdlib.h>
| # endif
| #endif
| #ifdef HAVE_STRING_H
| # if !defined STDC_HEADERS && defined HAVE_MEMORY_H
| #  include <memory.h>
| # endif
| # include <string.h>
| #endif
| #ifdef HAVE_STRINGS_H
| # include <strings.h>
| #endif
| #ifdef HAVE_INTTYPES_H
| # include <inttypes.h>
| #endif
| #ifdef HAVE_STDINT_H
| # include <stdint.h>
| #endif
| #ifdef HAVE_UNISTD_H
| # include <unistd.h>
| #endif
| #include <check.h>
configure:20180: result: no
configure:20180: checking check.h presence
configure:20180: /home/neo/workspace/basic-block-analyzer/basic-block-analyzer/ll-parser/scripts/ll-cc.py -E  conftest.c
conftest.c:23:19: fatal error: check.h: No such file or directory
 #include <check.h>
                   ^
compilation terminated.
configure:20180: $? = 1
configure: failed program was:
| /* confdefs.h */
| #define PACKAGE_NAME "expat"
| #define PACKAGE_TARNAME "expat"
| #define PACKAGE_VERSION "1.95.7"
| #define PACKAGE_STRING "expat 1.95.7"
| #define PACKAGE_BUGREPORT "expat-bugs@mail.libexpat.org"
| #define PACKAGE_URL ""
| #define STDC_HEADERS 1
| #define HAVE_SYS_TYPES_H 1
| #define HAVE_SYS_STAT_H 1
| #define HAVE_STDLIB_H 1
| #define HAVE_STRING_H 1
| #define HAVE_MEMORY_H 1
| #define HAVE_STRINGS_H 1
| #define HAVE_INTTYPES_H 1
| #define HAVE_STDINT_H 1
| #define HAVE_UNISTD_H 1
| #define HAVE_DLFCN_H 1
| #define STDC_HEADERS 1
| #define HAVE_MEMMOVE 1
| #define HAVE_BCOPY 1
| /* end confdefs.h.  */
| #include <check.h>
configure:20180: result: no
configure:20180: checking for check.h
configure:20180: result: no
configure:20307: creating ./config.status

## ---------------------- ##
## Running config.status. ##
## ---------------------- ##

This file was extended by expat config.status 1.95.7, which was
generated by GNU Autoconf 2.67.  Invocation command line was

  CONFIG_FILES    = 
  CONFIG_HEADERS  = 
  CONFIG_LINKS    = 
  CONFIG_COMMANDS = 
  $ ./config.status 

on kestrel.cs.ucdavis.edu

config.status:851: creating Makefile
config.status:851: creating expat_config.h

## ---------------- ##
## Cache variables. ##
## ---------------- ##

ac_cv_build=x86_64-unknown-linux-gnu
ac_cv_c_bigendian=no
ac_cv_c_compiler_gnu=yes
ac_cv_c_const=yes
ac_cv_cxx_compiler_gnu=yes
ac_cv_env_CCC_set=
ac_cv_env_CCC_value=
ac_cv_env_CC_set=set
ac_cv_env_CC_value=/home/neo/workspace/basic-block-analyzer/basic-block-analyzer/ll-parser/scripts/ll-cc.py
ac_cv_env_CFLAGS_set=
ac_cv_env_CFLAGS_value=
ac_cv_env_CPPFLAGS_set=
ac_cv_env_CPPFLAGS_value=
ac_cv_env_CPP_set=
ac_cv_env_CPP_value=
ac_cv_env_CXXCPP_set=
ac_cv_env_CXXCPP_value=
ac_cv_env_CXXFLAGS_set=
ac_cv_env_CXXFLAGS_value=
ac_cv_env_CXX_set=set
ac_cv_env_CXX_value=/home/neo/workspace/basic-block-analyzer/basic-block-analyzer/ll-parser/scripts/ll-cxx.py
ac_cv_env_F77_set=
ac_cv_env_F77_value=
ac_cv_env_FFLAGS_set=
ac_cv_env_FFLAGS_value=
ac_cv_env_LDFLAGS_set=
ac_cv_env_LDFLAGS_value=
ac_cv_env_LIBS_set=
ac_cv_env_LIBS_value=
ac_cv_env_build_alias_set=
ac_cv_env_build_alias_value=
ac_cv_env_host_alias_set=
ac_cv_env_host_alias_value=
ac_cv_env_target_alias_set=
ac_cv_env_target_alias_value=
ac_cv_f77_compiler_gnu=no
ac_cv_func_bcopy=yes
ac_cv_func_memmove=yes
ac_cv_header_check_h=no
ac_cv_header_dlfcn_h=yes
ac_cv_header_inttypes_h=yes
ac_cv_header_memory_h=yes
ac_cv_header_stdc=yes
ac_cv_header_stdint_h=yes
ac_cv_header_stdlib_h=yes
ac_cv_header_string_h=yes
ac_cv_header_strings_h=yes
ac_cv_header_sys_stat_h=yes
ac_cv_header_sys_types_h=yes
ac_cv_header_unistd_h=yes
ac_cv_host=x86_64-unknown-linux-gnu
ac_cv_objext=o
ac_cv_path_EGREP='/bin/grep -E'
ac_cv_path_GREP=/bin/grep
ac_cv_path_install='/usr/bin/install -c'
ac_cv_prog_CPP='/home/neo/workspace/basic-block-analyzer/basic-block-analyzer/ll-parser/scripts/ll-cc.py -E'
ac_cv_prog_CXXCPP='/home/neo/workspace/basic-block-analyzer/basic-block-analyzer/ll-parser/scripts/ll-cxx.py -E'
ac_cv_prog_ac_ct_AR=ar
ac_cv_prog_ac_ct_CC=/home/neo/workspace/basic-block-analyzer/basic-block-analyzer/ll-parser/scripts/ll-cc.py
ac_cv_prog_ac_ct_RANLIB=ranlib
ac_cv_prog_ac_ct_STRIP=strip
ac_cv_prog_cc_c89=
ac_cv_prog_cc_g=yes
ac_cv_prog_cxx_g=yes
ac_cv_prog_f77_g=no
ac_cv_target=x86_64-unknown-linux-gnu
ac_cv_type_size_t=yes
lt_cv_deplibs_check_method=pass_all
lt_cv_file_magic_cmd='$MAGIC_CMD'
lt_cv_file_magic_test_file=
lt_cv_ld_reload_flag=-r
lt_cv_objdir=.libs
lt_cv_path_LD=/usr/bin/ld
lt_cv_path_LDCXX='/usr/bin/ld -m elf_x86_64'
lt_cv_path_NM='/usr/bin/nm -B'
lt_cv_path_SED=/bin/sed
lt_cv_prog_compiler_c_o=yes
lt_cv_prog_compiler_c_o_CXX=yes
lt_cv_prog_compiler_pic_works=yes
lt_cv_prog_compiler_pic_works_CXX=yes
lt_cv_prog_compiler_rtti_exceptions=no
lt_cv_prog_compiler_static_works=yes
lt_cv_prog_compiler_static_works_CXX=yes
lt_cv_prog_gnu_ld=yes
lt_cv_prog_gnu_ldcxx=yes
lt_cv_sys_global_symbol_pipe='sed -n -e '\''s/^.*[ 	]\([ABCDGIRSTW][ABCDGIRSTW]*\)[ 	][ 	]*\([_A-Za-z][_A-Za-z0-9]*\)$/\1 \2 \2/p'\'''
lt_cv_sys_global_symbol_to_c_name_address='sed -n -e '\''s/^: \([^ ]*\) $/  {\"\1\", (lt_ptr) 0},/p'\'' -e '\''s/^[BCDEGRST] \([^ ]*\) \([^ ]*\)$/  {"\2", (lt_ptr) \&\2},/p'\'''
lt_cv_sys_global_symbol_to_cdecl='sed -n -e '\''s/^. .* \(.*\)$/extern int \1;/p'\'''
lt_cv_sys_lib_dlsearch_path_spec='/lib /usr/lib /usr/lib/x86_64-linux-gnu/libfakeroot /lib/i386-linux-gnu /usr/lib/i386-linux-gnu /lib/i686-linux-gnu /usr/lib/i686-linux-gnu /usr/local/lib /lib/x86_64-linux-gnu /usr/lib/x86_64-linux-gnu /usr/lib/x86_64-linux-gnu/mesa-egl /usr/lib/nvidia-331 /usr/lib32/nvidia-331 /lib32 /usr/lib32 /libx32 /usr/libx32 '
lt_cv_sys_lib_search_path_spec='/usr/lib/gcc/x86_64-linux-gnu/4.8 /usr/lib/x86_64-linux-gnu /usr/lib /lib/x86_64-linux-gnu /lib'
lt_cv_sys_max_cmd_len=1572864
lt_lt_cv_prog_compiler_c_o='"yes"'
lt_lt_cv_prog_compiler_c_o_CXX='"yes"'
lt_lt_cv_sys_global_symbol_pipe='"sed -n -e '\''s/^.*[ 	]\\([ABCDGIRSTW][ABCDGIRSTW]*\\)[ 	][ 	]*\\([_A-Za-z][_A-Za-z0-9]*\\)\$/\\1 \\2 \\2/p'\''"'
lt_lt_cv_sys_global_symbol_to_c_name_address='"sed -n -e '\''s/^: \\([^ ]*\\) \$/  {\\\"\\1\\\", (lt_ptr) 0},/p'\'' -e '\''s/^[BCDEGRST] \\([^ ]*\\) \\([^ ]*\\)\$/  {\"\\2\", (lt_ptr) \\&\\2},/p'\''"'
lt_lt_cv_sys_global_symbol_to_cdecl='"sed -n -e '\''s/^. .* \\(.*\\)\$/extern int \\1;/p'\''"'

## ----------------- ##
## Output variables. ##
## ----------------- ##

AR='ar'
AS='as'
CC='/home/neo/workspace/basic-block-analyzer/basic-block-analyzer/ll-parser/scripts/ll-cc.py'
CFLAGS='-g -O2'
CPP='/home/neo/workspace/basic-block-analyzer/basic-block-analyzer/ll-parser/scripts/ll-cc.py -E'
CPPFLAGS=''
CXX='/home/neo/workspace/basic-block-analyzer/basic-block-analyzer/ll-parser/scripts/ll-cxx.py'
CXXCPP='/home/neo/workspace/basic-block-analyzer/basic-block-analyzer/ll-parser/scripts/ll-cxx.py -E'
CXXFLAGS='-g -O2'
DEFS='-DHAVE_CONFIG_H'
DLLTOOL='dlltool'
DSYMUTIL=''
ECHO='echo'
ECHO_C=''
ECHO_N='-n'
ECHO_T=''
EGREP='/bin/grep -E'
EXEEXT=''
F77=''
FFLAGS=''
GREP='/bin/grep'
INSTALL_DATA='${INSTALL} -m 644'
INSTALL_PROGRAM='${INSTALL}'
INSTALL_SCRIPT='${INSTALL}'
LDFLAGS=''
LIBAGE='5'
LIBCURRENT='5'
LIBOBJS=''
LIBREVISION='0'
LIBS=''
LIBTOOL='$(SHELL) $(top_builddir)/libtool'
LN_S='ln -s'
LTLIBOBJS=''
NMEDIT=''
OBJDUMP='objdump'
OBJEXT='o'
PACKAGE_BUGREPORT='expat-bugs@mail.libexpat.org'
PACKAGE_NAME='expat'
PACKAGE_STRING='expat 1.95.7'
PACKAGE_TARNAME='expat'
PACKAGE_URL=''
PACKAGE_VERSION='1.95.7'
PATH_SEPARATOR=':'
RANLIB='ranlib'
SED='/bin/sed'
SHELL='/bin/bash'
STRIP='strip'
ac_ct_CC='/home/neo/workspace/basic-block-analyzer/basic-block-analyzer/ll-parser/scripts/ll-cc.py'
ac_ct_CXX=''
ac_ct_F77=''
bindir='/usr/local/apache2/bin'
build='x86_64-unknown-linux-gnu'
build_alias=''
build_cpu='x86_64'
build_os='linux-gnu'
build_vendor='unknown'
datadir='${datarootdir}'
datarootdir='${prefix}/share'
docdir='${datarootdir}/doc/${PACKAGE_TARNAME}'
dvidir='${docdir}'
exec_prefix='/usr/local/apache2'
host='x86_64-unknown-linux-gnu'
host_alias=''
host_cpu='x86_64'
host_os='linux-gnu'
host_vendor='unknown'
htmldir='${docdir}'
includedir='/usr/local/apache2/include'
infodir='${datarootdir}/info'
libdir='/usr/local/apache2/lib'
libexecdir='${exec_prefix}/libexec'
localedir='${datarootdir}/locale'
localstatedir='${prefix}/var'
mandir='${datarootdir}/man'
oldincludedir='/usr/include'
pdfdir='${docdir}'
prefix='/usr/local/apache2'
program_transform_name='s,x,x,'
psdir='${docdir}'
sbindir='${exec_prefix}/sbin'
sharedstatedir='${prefix}/com'
sysconfdir='${prefix}/etc'
target='x86_64-unknown-linux-gnu'
target_alias=''
target_cpu='x86_64'
target_os='linux-gnu'
target_vendor='unknown'

## ----------- ##
## confdefs.h. ##
## ----------- ##

/* confdefs.h */
#define PACKAGE_NAME "expat"
#define PACKAGE_TARNAME "expat"
#define PACKAGE_VERSION "1.95.7"
#define PACKAGE_STRING "expat 1.95.7"
#define PACKAGE_BUGREPORT "expat-bugs@mail.libexpat.org"
#define PACKAGE_URL ""
#define STDC_HEADERS 1
#define HAVE_SYS_TYPES_H 1
#define HAVE_SYS_STAT_H 1
#define HAVE_STDLIB_H 1
#define HAVE_STRING_H 1
#define HAVE_MEMORY_H 1
#define HAVE_STRINGS_H 1
#define HAVE_INTTYPES_H 1
#define HAVE_STDINT_H 1
#define HAVE_UNISTD_H 1
#define HAVE_DLFCN_H 1
#define STDC_HEADERS 1
#define HAVE_MEMMOVE 1
#define HAVE_BCOPY 1
#define XML_NS 1
#define XML_DTD 1
#define XML_CONTEXT_BYTES 1024

configure: exit 0
